2024/01/12 11:32:57 [notice] 1#1: using the "epoll" event method
2024/01/12 11:32:57 [notice] 1#1: nginx/1.25.3
2024/01/12 11:32:57 [notice] 1#1: built by gcc 12.2.0 (Debian 12.2.0-14) 
2024/01/12 11:32:57 [notice] 1#1: OS: Linux 5.15.133.1-microsoft-standard-WSL2
2024/01/12 11:32:57 [notice] 1#1: getrlimit(RLIMIT_NOFILE): 1048576:1048576
2024/01/12 11:32:57 [notice] 1#1: start worker processes
2024/01/12 11:32:57 [notice] 1#1: start worker process 28
2024/01/12 11:32:57 [notice] 1#1: start worker process 29
2024/01/12 11:32:57 [notice] 1#1: start worker process 30
2024/01/12 11:32:57 [notice] 1#1: start worker process 31
2024/01/12 11:32:57 [notice] 1#1: start worker process 32
2024/01/12 11:32:57 [notice] 1#1: start worker process 33
2024/01/12 11:32:57 [notice] 1#1: start worker process 34
2024/01/12 11:32:57 [notice] 1#1: start worker process 35
2024/01/12 11:32:57 [notice] 1#1: start worker process 36
2024/01/12 11:32:57 [notice] 1#1: start worker process 37
2024/01/12 11:32:57 [notice] 1#1: start worker process 38
2024/01/12 11:32:57 [notice] 1#1: start worker process 39
2024/01/12 11:33:19 [error] 28#28: *1 "/etc/nginx/html/index.html" is not found (2: No such file or directory), client: 172.20.0.1, server: localhost, request: "GET / HTTP/1.1", host: "localhost:8080"
2024/01/12 11:33:20 [error] 28#28: *1 "/etc/nginx/html/favicon.ico/index.html" is not found (2: No such file or directory), client: 172.20.0.1, server: localhost, request: "GET /favicon.ico/ HTTP/1.1", host: "localhost:8080", referrer: "http://localhost:8080/"
2024/01/12 12:07:10 [notice] 1#1: signal 3 (SIGQUIT) received, shutting down
2024/01/12 12:07:10 [notice] 28#28: gracefully shutting down
2024/01/12 12:07:10 [notice] 28#28: exiting
2024/01/12 12:07:10 [notice] 29#29: gracefully shutting down
2024/01/12 12:07:10 [notice] 29#29: exiting
2024/01/12 12:07:10 [notice] 33#33: gracefully shutting down
2024/01/12 12:07:10 [notice] 37#37: gracefully shutting down
2024/01/12 12:07:10 [notice] 30#30: gracefully shutting down
2024/01/12 12:07:10 [notice] 28#28: exit
2024/01/12 12:07:10 [notice] 36#36: gracefully shutting down
2024/01/12 12:07:10 [notice] 33#33: exiting
2024/01/12 12:07:10 [notice] 37#37: exiting
2024/01/12 12:07:10 [notice] 30#30: exiting
2024/01/12 12:07:10 [notice] 36#36: exiting
2024/01/12 12:07:10 [notice] 32#32: gracefully shutting down
2024/01/12 12:07:10 [notice] 36#36: exit
2024/01/12 12:07:10 [notice] 37#37: exit
2024/01/12 12:07:10 [notice] 30#30: exit
2024/01/12 12:07:10 [notice] 33#33: exit
2024/01/12 12:07:10 [notice] 32#32: exiting
2024/01/12 12:07:10 [notice] 32#32: exit
2024/01/12 12:07:10 [notice] 35#35: gracefully shutting down
2024/01/12 12:07:10 [notice] 35#35: exiting
2024/01/12 12:07:10 [notice] 35#35: exit
2024/01/12 12:07:10 [notice] 31#31: gracefully shutting down
2024/01/12 12:07:10 [notice] 31#31: exiting
2024/01/12 12:07:10 [notice] 34#34: gracefully shutting down
2024/01/12 12:07:10 [notice] 31#31: exit
2024/01/12 12:07:10 [notice] 34#34: exiting
2024/01/12 12:07:10 [notice] 34#34: exit
2024/01/12 12:07:10 [notice] 29#29: exit
2024/01/12 12:07:10 [notice] 38#38: gracefully shutting down
2024/01/12 12:07:10 [notice] 38#38: exiting
2024/01/12 12:07:10 [notice] 38#38: exit
2024/01/12 12:07:10 [notice] 39#39: gracefully shutting down
2024/01/12 12:07:10 [notice] 39#39: exiting
2024/01/12 12:07:10 [notice] 39#39: exit
2024/01/12 12:07:11 [notice] 1#1: signal 17 (SIGCHLD) received from 33
2024/01/12 12:07:11 [notice] 1#1: worker process 33 exited with code 0
2024/01/12 12:07:11 [notice] 1#1: signal 29 (SIGIO) received
2024/01/12 12:07:11 [notice] 1#1: signal 17 (SIGCHLD) received from 34
2024/01/12 12:07:11 [notice] 1#1: worker process 28 exited with code 0
2024/01/12 12:07:11 [notice] 1#1: worker process 29 exited with code 0
2024/01/12 12:07:11 [notice] 1#1: worker process 31 exited with code 0
2024/01/12 12:07:11 [notice] 1#1: worker process 32 exited with code 0
2024/01/12 12:07:11 [notice] 1#1: worker process 34 exited with code 0
2024/01/12 12:07:11 [notice] 1#1: signal 29 (SIGIO) received
2024/01/12 12:07:11 [notice] 1#1: signal 17 (SIGCHLD) received from 28
2024/01/12 12:07:11 [notice] 1#1: worker process 39 exited with code 0
2024/01/12 12:07:11 [notice] 1#1: signal 29 (SIGIO) received
2024/01/12 12:07:11 [notice] 1#1: signal 17 (SIGCHLD) received from 38
2024/01/12 12:07:11 [notice] 1#1: worker process 35 exited with code 0
2024/01/12 12:07:11 [notice] 1#1: worker process 38 exited with code 0
2024/01/12 12:07:11 [notice] 1#1: signal 29 (SIGIO) received
2024/01/12 12:07:11 [notice] 1#1: signal 17 (SIGCHLD) received from 36
2024/01/12 12:07:11 [notice] 1#1: worker process 36 exited with code 0
2024/01/12 12:07:11 [notice] 1#1: worker process 37 exited with code 0
2024/01/12 12:07:11 [notice] 1#1: signal 29 (SIGIO) received
2024/01/12 12:07:11 [notice] 1#1: signal 17 (SIGCHLD) received from 37
2024/01/12 12:07:11 [notice] 1#1: signal 17 (SIGCHLD) received from 30
2024/01/12 12:07:11 [notice] 1#1: worker process 30 exited with code 0
2024/01/12 12:07:11 [notice] 1#1: exit
2024/01/12 12:09:01 [emerg] 1#1: host not found in upstream "vue-app" in /etc/nginx/conf.d/default.conf:13
2024/01/12 12:13:02 [emerg] 1#1: host not found in upstream "vue-app" in /etc/nginx/conf.d/default.conf:13
2024/01/12 12:13:35 [emerg] 1#1: host not found in upstream "vue-app" in /etc/nginx/conf.d/default.conf:13
2024/01/12 12:24:39 [emerg] 1#1: host not found in upstream "vue-app" in /etc/nginx/conf.d/default.conf:13
2024/01/12 12:30:59 [emerg] 1#1: host not found in upstream "vue-app" in /etc/nginx/conf.d/default.conf:13
2024/01/12 13:00:03 [emerg] 1#1: host not found in upstream "vue-app" in /etc/nginx/conf.d/default.conf:13
2024/01/12 13:04:26 [emerg] 1#1: host not found in upstream "vue-app" in /etc/nginx/conf.d/default.conf:13
2024/01/12 13:04:44 [emerg] 1#1: host not found in upstream "vue-app" in /etc/nginx/conf.d/default.conf:13
2024/01/12 13:18:23 [emerg] 1#1: host not found in upstream "vue-app" in /etc/nginx/conf.d/default.conf:13
2024/01/12 13:22:50 [emerg] 1#1: host not found in upstream "vue-app" in /etc/nginx/conf.d/default.conf:13
2024/01/12 13:40:14 [notice] 1#1: using the "epoll" event method
2024/01/12 13:40:14 [notice] 1#1: nginx/1.25.3
2024/01/12 13:40:14 [notice] 1#1: built by gcc 12.2.0 (Debian 12.2.0-14) 
2024/01/12 13:40:14 [notice] 1#1: OS: Linux 5.15.133.1-microsoft-standard-WSL2
2024/01/12 13:40:14 [notice] 1#1: getrlimit(RLIMIT_NOFILE): 1048576:1048576
2024/01/12 13:40:14 [notice] 1#1: start worker processes
2024/01/12 13:40:14 [notice] 1#1: start worker process 28
2024/01/12 13:40:14 [notice] 1#1: start worker process 29
2024/01/12 13:40:14 [notice] 1#1: start worker process 30
2024/01/12 13:40:14 [notice] 1#1: start worker process 31
2024/01/12 13:40:14 [notice] 1#1: start worker process 32
2024/01/12 13:40:14 [notice] 1#1: start worker process 33
2024/01/12 13:40:14 [notice] 1#1: start worker process 34
2024/01/12 13:40:14 [notice] 1#1: start worker process 35
2024/01/12 13:40:14 [notice] 1#1: start worker process 36
2024/01/12 13:40:14 [notice] 1#1: start worker process 37
2024/01/12 13:40:14 [notice] 1#1: start worker process 38
2024/01/12 13:40:14 [notice] 1#1: start worker process 39
2024/01/12 13:46:27 [notice] 1#1: signal 3 (SIGQUIT) received, shutting down
2024/01/12 13:46:27 [notice] 28#28: gracefully shutting down
2024/01/12 13:46:27 [notice] 29#29: gracefully shutting down
2024/01/12 13:46:27 [notice] 30#30: gracefully shutting down
2024/01/12 13:46:27 [notice] 29#29: exiting
2024/01/12 13:46:27 [notice] 28#28: exiting
2024/01/12 13:46:27 [notice] 32#32: gracefully shutting down
2024/01/12 13:46:27 [notice] 33#33: gracefully shutting down
2024/01/12 13:46:27 [notice] 30#30: exiting
2024/01/12 13:46:27 [notice] 32#32: exiting
2024/01/12 13:46:27 [notice] 34#34: gracefully shutting down
2024/01/12 13:46:27 [notice] 33#33: exiting
2024/01/12 13:46:27 [notice] 28#28: exit
2024/01/12 13:46:27 [notice] 35#35: gracefully shutting down
2024/01/12 13:46:27 [notice] 29#29: exit
2024/01/12 13:46:27 [notice] 34#34: exiting
2024/01/12 13:46:27 [notice] 36#36: gracefully shutting down
2024/01/12 13:46:27 [notice] 30#30: exit
2024/01/12 13:46:27 [notice] 32#32: exit
2024/01/12 13:46:27 [notice] 35#35: exiting
2024/01/12 13:46:27 [notice] 36#36: exiting
2024/01/12 13:46:27 [notice] 39#39: gracefully shutting down
2024/01/12 13:46:27 [notice] 33#33: exit
2024/01/12 13:46:27 [notice] 34#34: exit
2024/01/12 13:46:27 [notice] 39#39: exiting
2024/01/12 13:46:27 [notice] 35#35: exit
2024/01/12 13:46:27 [notice] 36#36: exit
2024/01/12 13:46:27 [notice] 39#39: exit
2024/01/12 13:46:27 [notice] 37#37: gracefully shutting down
2024/01/12 13:46:27 [notice] 31#31: gracefully shutting down
2024/01/12 13:46:27 [notice] 37#37: exiting
2024/01/12 13:46:27 [notice] 31#31: exiting
2024/01/12 13:46:27 [notice] 37#37: exit
2024/01/12 13:46:27 [notice] 31#31: exit
2024/01/12 13:46:27 [notice] 38#38: gracefully shutting down
2024/01/12 13:46:27 [notice] 38#38: exiting
2024/01/12 13:46:27 [notice] 38#38: exit
2024/01/12 13:46:27 [notice] 1#1: signal 17 (SIGCHLD) received from 35
2024/01/12 13:46:27 [notice] 1#1: worker process 35 exited with code 0
2024/01/12 13:46:27 [notice] 1#1: signal 29 (SIGIO) received
2024/01/12 13:46:27 [notice] 1#1: signal 17 (SIGCHLD) received from 39
2024/01/12 13:46:27 [notice] 1#1: worker process 29 exited with code 0
2024/01/12 13:46:27 [notice] 1#1: worker process 34 exited with code 0
2024/01/12 13:46:27 [notice] 1#1: worker process 38 exited with code 0
2024/01/12 13:46:27 [notice] 1#1: worker process 39 exited with code 0
2024/01/12 13:46:27 [notice] 1#1: signal 29 (SIGIO) received
2024/01/12 13:46:27 [notice] 1#1: signal 17 (SIGCHLD) received from 29
2024/01/12 13:46:27 [notice] 1#1: signal 17 (SIGCHLD) received from 36
2024/01/12 13:46:27 [notice] 1#1: worker process 30 exited with code 0
2024/01/12 13:46:27 [notice] 1#1: worker process 36 exited with code 0
2024/01/12 13:46:27 [notice] 1#1: signal 29 (SIGIO) received
2024/01/12 13:46:27 [notice] 1#1: signal 17 (SIGCHLD) received from 32
2024/01/12 13:46:27 [notice] 1#1: worker process 28 exited with code 0
2024/01/12 13:46:27 [notice] 1#1: worker process 31 exited with code 0
2024/01/12 13:46:27 [notice] 1#1: worker process 32 exited with code 0
2024/01/12 13:46:27 [notice] 1#1: worker process 37 exited with code 0
2024/01/12 13:46:27 [notice] 1#1: signal 29 (SIGIO) received
2024/01/12 13:46:27 [notice] 1#1: signal 17 (SIGCHLD) received from 28
2024/01/12 13:46:27 [notice] 1#1: signal 17 (SIGCHLD) received from 33
2024/01/12 13:46:27 [notice] 1#1: worker process 33 exited with code 0
2024/01/12 13:46:27 [notice] 1#1: exit
2024/01/12 13:47:28 [notice] 1#1: using the "epoll" event method
2024/01/12 13:47:28 [notice] 1#1: nginx/1.25.3
2024/01/12 13:47:28 [notice] 1#1: built by gcc 12.2.0 (Debian 12.2.0-14) 
2024/01/12 13:47:28 [notice] 1#1: OS: Linux 5.15.133.1-microsoft-standard-WSL2
2024/01/12 13:47:28 [notice] 1#1: getrlimit(RLIMIT_NOFILE): 1048576:1048576
2024/01/12 13:47:28 [notice] 1#1: start worker processes
2024/01/12 13:47:28 [notice] 1#1: start worker process 28
2024/01/12 13:47:28 [notice] 1#1: start worker process 29
2024/01/12 13:47:28 [notice] 1#1: start worker process 30
2024/01/12 13:47:28 [notice] 1#1: start worker process 31
2024/01/12 13:47:28 [notice] 1#1: start worker process 32
2024/01/12 13:47:28 [notice] 1#1: start worker process 33
2024/01/12 13:47:28 [notice] 1#1: start worker process 34
2024/01/12 13:47:28 [notice] 1#1: start worker process 35
2024/01/12 13:47:28 [notice] 1#1: start worker process 36
2024/01/12 13:47:28 [notice] 1#1: start worker process 37
2024/01/12 13:47:28 [notice] 1#1: start worker process 38
2024/01/12 13:47:28 [notice] 1#1: start worker process 39
2024/01/12 13:50:59 [error] 28#28: *1 connect() failed (113: No route to host) while connecting to upstream, client: 172.27.0.1, server: localhost, request: "GET / HTTP/1.1", upstream: "fastcgi://172.27.0.4:9000", host: "localhost"
2024/01/12 13:51:25 [notice] 1#1: signal 3 (SIGQUIT) received, shutting down
2024/01/12 13:51:25 [notice] 28#28: gracefully shutting down
2024/01/12 13:51:25 [notice] 29#29: gracefully shutting down
2024/01/12 13:51:25 [notice] 30#30: gracefully shutting down
2024/01/12 13:51:25 [notice] 31#31: gracefully shutting down
2024/01/12 13:51:25 [notice] 29#29: exiting
2024/01/12 13:51:25 [notice] 32#32: gracefully shutting down
2024/01/12 13:51:25 [notice] 31#31: exiting
2024/01/12 13:51:25 [notice] 32#32: exiting
2024/01/12 13:51:25 [notice] 33#33: gracefully shutting down
2024/01/12 13:51:25 [notice] 34#34: gracefully shutting down
2024/01/12 13:51:25 [notice] 35#35: gracefully shutting down
2024/01/12 13:51:25 [notice] 33#33: exiting
2024/01/12 13:51:25 [notice] 36#36: gracefully shutting down
2024/01/12 13:51:25 [notice] 34#34: exiting
2024/01/12 13:51:25 [notice] 38#38: gracefully shutting down
2024/01/12 13:51:25 [notice] 28#28: exiting
2024/01/12 13:51:25 [notice] 35#35: exiting
2024/01/12 13:51:25 [notice] 36#36: exiting
2024/01/12 13:51:25 [notice] 29#29: exit
2024/01/12 13:51:25 [notice] 31#31: exit
2024/01/12 13:51:25 [notice] 32#32: exit
2024/01/12 13:51:25 [notice] 38#38: exiting
2024/01/12 13:51:25 [notice] 33#33: exit
2024/01/12 13:51:25 [notice] 34#34: exit
2024/01/12 13:51:25 [notice] 28#28: exit
2024/01/12 13:51:25 [notice] 35#35: exit
2024/01/12 13:51:25 [notice] 36#36: exit
2024/01/12 13:51:25 [notice] 38#38: exit
2024/01/12 13:51:25 [notice] 37#37: gracefully shutting down
2024/01/12 13:51:25 [notice] 37#37: exiting
2024/01/12 13:51:25 [notice] 37#37: exit
2024/01/12 13:51:25 [notice] 39#39: gracefully shutting down
2024/01/12 13:51:25 [notice] 39#39: exiting
2024/01/12 13:51:25 [notice] 39#39: exit
2024/01/12 13:51:25 [notice] 1#1: signal 17 (SIGCHLD) received from 37
2024/01/12 13:51:25 [notice] 1#1: worker process 32 exited with code 0
2024/01/12 13:51:25 [notice] 1#1: worker process 34 exited with code 0
2024/01/12 13:51:25 [notice] 1#1: worker process 35 exited with code 0
2024/01/12 13:51:25 [notice] 1#1: worker process 36 exited with code 0
2024/01/12 13:51:25 [notice] 1#1: worker process 37 exited with code 0
2024/01/12 13:51:25 [notice] 1#1: worker process 38 exited with code 0
2024/01/12 13:51:25 [notice] 1#1: worker process 39 exited with code 0
2024/01/12 13:51:25 [notice] 1#1: signal 29 (SIGIO) received
2024/01/12 13:51:25 [notice] 1#1: signal 17 (SIGCHLD) received from 39
2024/01/12 13:51:25 [notice] 1#1: signal 17 (SIGCHLD) received from 33
2024/01/12 13:51:25 [notice] 1#1: worker process 28 exited with code 0
2024/01/12 13:51:25 [notice] 1#1: worker process 33 exited with code 0
2024/01/12 13:51:25 [notice] 1#1: signal 29 (SIGIO) received
2024/01/12 13:51:25 [notice] 1#1: signal 17 (SIGCHLD) received from 31
2024/01/12 13:51:25 [notice] 1#1: worker process 29 exited with code 0
2024/01/12 13:51:25 [notice] 1#1: worker process 31 exited with code 0
2024/01/12 13:51:25 [notice] 1#1: signal 29 (SIGIO) received
2024/01/12 13:52:35 [notice] 1#1: using the "epoll" event method
2024/01/12 13:52:35 [notice] 1#1: nginx/1.25.3
2024/01/12 13:52:35 [notice] 1#1: built by gcc 12.2.0 (Debian 12.2.0-14) 
2024/01/12 13:52:35 [notice] 1#1: OS: Linux 5.15.133.1-microsoft-standard-WSL2
2024/01/12 13:52:35 [notice] 1#1: getrlimit(RLIMIT_NOFILE): 1048576:1048576
2024/01/12 13:52:35 [notice] 1#1: start worker processes
2024/01/12 13:52:35 [notice] 1#1: start worker process 28
2024/01/12 13:52:35 [notice] 1#1: start worker process 29
2024/01/12 13:52:35 [notice] 1#1: start worker process 30
2024/01/12 13:52:35 [notice] 1#1: start worker process 31
2024/01/12 13:52:35 [notice] 1#1: start worker process 32
2024/01/12 13:52:35 [notice] 1#1: start worker process 33
2024/01/12 13:52:35 [notice] 1#1: start worker process 34
2024/01/12 13:52:35 [notice] 1#1: start worker process 35
2024/01/12 13:52:35 [notice] 1#1: start worker process 36
2024/01/12 13:52:35 [notice] 1#1: start worker process 37
2024/01/12 13:52:35 [notice] 1#1: start worker process 38
2024/01/12 13:52:35 [notice] 1#1: start worker process 39
2024/01/12 14:00:20 [notice] 1#1: signal 3 (SIGQUIT) received, shutting down
2024/01/12 14:00:20 [notice] 28#28: gracefully shutting down
2024/01/12 14:00:20 [notice] 28#28: exiting
2024/01/12 14:00:20 [notice] 29#29: gracefully shutting down
2024/01/12 14:00:20 [notice] 30#30: gracefully shutting down
2024/01/12 14:00:20 [notice] 29#29: exiting
2024/01/12 14:00:20 [notice] 34#34: gracefully shutting down
2024/01/12 14:00:20 [notice] 30#30: exiting
2024/01/12 14:00:20 [notice] 28#28: exit
2024/01/12 14:00:20 [notice] 34#34: exiting
2024/01/12 14:00:20 [notice] 29#29: exit
2024/01/12 14:00:20 [notice] 30#30: exit
2024/01/12 14:00:20 [notice] 39#39: gracefully shutting down
2024/01/12 14:00:20 [notice] 39#39: exiting
2024/01/12 14:00:20 [notice] 34#34: exit
2024/01/12 14:00:20 [notice] 39#39: exit
2024/01/12 14:00:20 [notice] 36#36: gracefully shutting down
2024/01/12 14:00:20 [notice] 36#36: exiting
2024/01/12 14:00:20 [notice] 36#36: exit
2024/01/12 14:00:20 [notice] 31#31: gracefully shutting down
2024/01/12 14:00:20 [notice] 31#31: exiting
2024/01/12 14:00:20 [notice] 31#31: exit
2024/01/12 14:00:20 [notice] 32#32: gracefully shutting down
2024/01/12 14:00:20 [notice] 32#32: exiting
2024/01/12 14:00:20 [notice] 32#32: exit
2024/01/12 14:00:20 [notice] 35#35: gracefully shutting down
2024/01/12 14:00:20 [notice] 35#35: exiting
2024/01/12 14:00:20 [notice] 35#35: exit
2024/01/12 14:00:20 [notice] 37#37: gracefully shutting down
2024/01/12 14:00:20 [notice] 37#37: exiting
2024/01/12 14:00:20 [notice] 37#37: exit
2024/01/12 14:00:20 [notice] 38#38: gracefully shutting down
2024/01/12 14:00:20 [notice] 38#38: exiting
2024/01/12 14:00:20 [notice] 38#38: exit
2024/01/12 14:00:20 [notice] 33#33: gracefully shutting down
2024/01/12 14:00:20 [notice] 33#33: exiting
2024/01/12 14:00:20 [notice] 33#33: exit
2024/01/12 14:00:20 [notice] 1#1: signal 17 (SIGCHLD) received from 30
2024/01/12 14:00:20 [notice] 1#1: worker process 30 exited with code 0
2024/01/12 14:00:20 [notice] 1#1: signal 29 (SIGIO) received
2024/01/12 14:00:20 [notice] 1#1: signal 17 (SIGCHLD) received from 28
2024/01/12 14:00:20 [notice] 1#1: worker process 28 exited with code 0
2024/01/12 14:00:20 [notice] 1#1: worker process 29 exited with code 0
2024/01/12 14:00:20 [notice] 1#1: worker process 31 exited with code 0
2024/01/12 14:00:20 [notice] 1#1: worker process 32 exited with code 0
2024/01/12 14:00:20 [notice] 1#1: worker process 34 exited with code 0
2024/01/12 14:00:20 [notice] 1#1: worker process 36 exited with code 0
2024/01/12 14:00:20 [notice] 1#1: worker process 35 exited with code 0
2024/01/12 14:00:20 [notice] 1#1: worker process 37 exited with code 0
2024/01/12 14:00:20 [notice] 1#1: worker process 38 exited with code 0
2024/01/12 14:00:20 [notice] 1#1: signal 29 (SIGIO) received
2024/01/12 14:00:20 [notice] 1#1: signal 17 (SIGCHLD) received from 37
2024/01/12 14:00:20 [notice] 1#1: signal 17 (SIGCHLD) received from 33
2024/01/12 14:00:20 [notice] 1#1: worker process 33 exited with code 0
2024/01/12 14:00:20 [notice] 1#1: worker process 39 exited with code 0
2024/01/12 14:00:20 [notice] 1#1: exit
2024/01/12 14:00:22 [notice] 1#1: using the "epoll" event method
2024/01/12 14:00:22 [notice] 1#1: nginx/1.25.3
2024/01/12 14:00:22 [notice] 1#1: built by gcc 12.2.0 (Debian 12.2.0-14) 
2024/01/12 14:00:22 [notice] 1#1: OS: Linux 5.15.133.1-microsoft-standard-WSL2
2024/01/12 14:00:22 [notice] 1#1: getrlimit(RLIMIT_NOFILE): 1048576:1048576
2024/01/12 14:00:22 [notice] 1#1: start worker processes
2024/01/12 14:00:22 [notice] 1#1: start worker process 28
2024/01/12 14:00:22 [notice] 1#1: start worker process 29
2024/01/12 14:00:22 [notice] 1#1: start worker process 30
2024/01/12 14:00:22 [notice] 1#1: start worker process 31
2024/01/12 14:00:22 [notice] 1#1: start worker process 32
2024/01/12 14:00:22 [notice] 1#1: start worker process 33
2024/01/12 14:00:22 [notice] 1#1: start worker process 34
2024/01/12 14:00:22 [notice] 1#1: start worker process 35
2024/01/12 14:00:22 [notice] 1#1: start worker process 36
2024/01/12 14:00:22 [notice] 1#1: start worker process 37
2024/01/12 14:00:22 [notice] 1#1: start worker process 38
2024/01/12 14:00:22 [notice] 1#1: start worker process 39
2024/01/12 14:05:27 [notice] 1#1: signal 3 (SIGQUIT) received, shutting down
2024/01/12 14:05:27 [notice] 28#28: gracefully shutting down
2024/01/12 14:05:27 [notice] 29#29: gracefully shutting down
2024/01/12 14:05:27 [notice] 30#30: gracefully shutting down
2024/01/12 14:05:27 [notice] 31#31: gracefully shutting down
2024/01/12 14:05:27 [notice] 30#30: exiting
2024/01/12 14:05:27 [notice] 32#32: gracefully shutting down
2024/01/12 14:05:27 [notice] 31#31: exiting
2024/01/12 14:05:27 [notice] 28#28: exiting
2024/01/12 14:05:27 [notice] 33#33: gracefully shutting down
2024/01/12 14:05:27 [notice] 28#28: exit
2024/01/12 14:05:27 [notice] 30#30: exit
2024/01/12 14:05:27 [notice] 31#31: exit
2024/01/12 14:05:27 [notice] 38#38: gracefully shutting down
2024/01/12 14:05:27 [notice] 32#32: exiting
2024/01/12 14:05:27 [notice] 33#33: exiting
2024/01/12 14:05:27 [notice] 38#38: exiting
2024/01/12 14:05:27 [notice] 33#33: exit
2024/01/12 14:05:27 [notice] 32#32: exit
2024/01/12 14:05:27 [notice] 38#38: exit
2024/01/12 14:05:27 [notice] 34#34: gracefully shutting down
2024/01/12 14:05:27 [notice] 35#35: gracefully shutting down
2024/01/12 14:05:27 [notice] 34#34: exiting
2024/01/12 14:05:27 [notice] 35#35: exiting
2024/01/12 14:05:27 [notice] 34#34: exit
2024/01/12 14:05:27 [notice] 35#35: exit
2024/01/12 14:05:27 [notice] 36#36: gracefully shutting down
2024/01/12 14:05:27 [notice] 36#36: exiting
2024/01/12 14:05:27 [notice] 36#36: exit
2024/01/12 14:05:27 [notice] 37#37: gracefully shutting down
2024/01/12 14:05:27 [notice] 39#39: gracefully shutting down
2024/01/12 14:05:27 [notice] 37#37: exiting
2024/01/12 14:05:27 [notice] 39#39: exiting
2024/01/12 14:05:27 [notice] 37#37: exit
2024/01/12 14:05:27 [notice] 39#39: exit
2024/01/12 14:05:27 [notice] 1#1: signal 17 (SIGCHLD) received from 28
2024/01/12 14:05:27 [notice] 1#1: worker process 28 exited with code 0
2024/01/12 14:05:27 [notice] 1#1: worker process 30 exited with code 0
2024/01/12 14:05:27 [notice] 1#1: worker process 31 exited with code 0
2024/01/12 14:05:27 [notice] 1#1: worker process 33 exited with code 0
2024/01/12 14:05:27 [notice] 1#1: worker process 34 exited with code 0
2024/01/12 14:05:27 [notice] 1#1: worker process 35 exited with code 0
2024/01/12 14:05:27 [notice] 1#1: worker process 36 exited with code 0
2024/01/12 14:05:27 [notice] 1#1: worker process 37 exited with code 0
2024/01/12 14:05:27 [notice] 1#1: signal 29 (SIGIO) received
2024/01/12 14:05:27 [notice] 1#1: signal 17 (SIGCHLD) received from 35
2024/01/12 14:05:27 [notice] 1#1: signal 17 (SIGCHLD) received from 39
2024/01/12 14:05:27 [notice] 1#1: worker process 39 exited with code 0
2024/01/12 14:05:27 [notice] 1#1: signal 29 (SIGIO) received
2024/01/12 14:05:27 [notice] 1#1: signal 17 (SIGCHLD) received from 38
2024/01/12 14:05:27 [notice] 1#1: worker process 38 exited with code 0
2024/01/12 14:05:27 [notice] 1#1: signal 29 (SIGIO) received
2024/01/12 14:05:27 [notice] 1#1: signal 17 (SIGCHLD) received from 32
2024/01/12 14:05:27 [notice] 1#1: worker process 32 exited with code 0
2024/01/12 14:05:27 [notice] 1#1: signal 29 (SIGIO) received
2024/01/12 14:07:01 [notice] 1#1: using the "epoll" event method
2024/01/12 14:07:01 [notice] 1#1: nginx/1.25.3
2024/01/12 14:07:01 [notice] 1#1: built by gcc 12.2.0 (Debian 12.2.0-14) 
2024/01/12 14:07:01 [notice] 1#1: OS: Linux 5.15.133.1-microsoft-standard-WSL2
2024/01/12 14:07:01 [notice] 1#1: getrlimit(RLIMIT_NOFILE): 1048576:1048576
2024/01/12 14:07:01 [notice] 1#1: start worker processes
2024/01/12 14:07:01 [notice] 1#1: start worker process 27
2024/01/12 14:07:01 [notice] 1#1: start worker process 28
2024/01/12 14:07:01 [notice] 1#1: start worker process 29
2024/01/12 14:07:01 [notice] 1#1: start worker process 30
2024/01/12 14:07:01 [notice] 1#1: start worker process 31
2024/01/12 14:07:01 [notice] 1#1: start worker process 32
2024/01/12 14:07:01 [notice] 1#1: start worker process 33
2024/01/12 14:07:01 [notice] 1#1: start worker process 34
2024/01/12 14:07:01 [notice] 1#1: start worker process 35
2024/01/12 14:07:01 [notice] 1#1: start worker process 36
2024/01/12 14:07:01 [notice] 1#1: start worker process 37
2024/01/12 14:07:01 [notice] 1#1: start worker process 38
2024/01/12 14:12:38 [error] 28#28: *1 directory index of "/var/www/html/" is forbidden, client: 172.29.0.1, server: localhost, request: "GET / HTTP/1.1", host: "172.22.16.158"
2024/01/12 14:14:18 [error] 29#29: *2 directory index of "/var/www/html/" is forbidden, client: 172.29.0.1, server: localhost, request: "GET / HTTP/1.1", host: "localhost"
2024/01/12 14:21:13 [notice] 1#1: signal 3 (SIGQUIT) received, shutting down
2024/01/12 14:21:13 [notice] 27#27: gracefully shutting down
2024/01/12 14:21:13 [notice] 28#28: gracefully shutting down
2024/01/12 14:21:13 [notice] 29#29: gracefully shutting down
2024/01/12 14:21:13 [notice] 27#27: exiting
2024/01/12 14:21:13 [notice] 28#28: exiting
2024/01/12 14:21:13 [notice] 29#29: exiting
2024/01/12 14:21:13 [notice] 30#30: gracefully shutting down
2024/01/12 14:21:13 [notice] 32#32: gracefully shutting down
2024/01/12 14:21:13 [notice] 30#30: exiting
2024/01/12 14:21:13 [notice] 29#29: exit
2024/01/12 14:21:13 [notice] 33#33: gracefully shutting down
2024/01/12 14:21:13 [notice] 27#27: exit
2024/01/12 14:21:13 [notice] 32#32: exiting
2024/01/12 14:21:13 [notice] 28#28: exit
2024/01/12 14:21:13 [notice] 34#34: gracefully shutting down
2024/01/12 14:21:13 [notice] 33#33: exiting
2024/01/12 14:21:13 [notice] 35#35: gracefully shutting down
2024/01/12 14:21:13 [notice] 34#34: exiting
2024/01/12 14:21:13 [notice] 37#37: gracefully shutting down
2024/01/12 14:21:13 [notice] 38#38: gracefully shutting down
2024/01/12 14:21:13 [notice] 35#35: exiting
2024/01/12 14:21:13 [notice] 30#30: exit
2024/01/12 14:21:13 [notice] 37#37: exiting
2024/01/12 14:21:13 [notice] 38#38: exiting
2024/01/12 14:21:13 [notice] 32#32: exit
2024/01/12 14:21:13 [notice] 33#33: exit
2024/01/12 14:21:13 [notice] 34#34: exit
2024/01/12 14:21:13 [notice] 35#35: exit
2024/01/12 14:21:13 [notice] 37#37: exit
2024/01/12 14:21:13 [notice] 38#38: exit
2024/01/12 14:21:13 [notice] 31#31: gracefully shutting down
2024/01/12 14:21:13 [notice] 31#31: exiting
2024/01/12 14:21:13 [notice] 31#31: exit
2024/01/12 14:21:13 [notice] 36#36: gracefully shutting down
2024/01/12 14:21:13 [notice] 36#36: exiting
2024/01/12 14:21:13 [notice] 36#36: exit
2024/01/12 14:21:13 [notice] 1#1: signal 17 (SIGCHLD) received from 31
2024/01/12 14:21:13 [notice] 1#1: worker process 31 exited with code 0
2024/01/12 14:21:13 [notice] 1#1: signal 29 (SIGIO) received
2024/01/12 14:21:13 [notice] 1#1: signal 17 (SIGCHLD) received from 28
2024/01/12 14:21:13 [notice] 1#1: worker process 28 exited with code 0
2024/01/12 14:21:13 [notice] 1#1: worker process 32 exited with code 0
2024/01/12 14:21:13 [notice] 1#1: worker process 29 exited with code 0
2024/01/12 14:21:13 [notice] 1#1: worker process 30 exited with code 0
2024/01/12 14:21:13 [notice] 1#1: worker process 34 exited with code 0
2024/01/12 14:21:13 [notice] 1#1: worker process 35 exited with code 0
2024/01/12 14:21:13 [notice] 1#1: worker process 36 exited with code 0
2024/01/12 14:21:13 [notice] 1#1: worker process 37 exited with code 0
2024/01/12 14:21:13 [notice] 1#1: worker process 38 exited with code 0
2024/01/12 14:21:13 [notice] 1#1: signal 29 (SIGIO) received
2024/01/12 14:21:13 [notice] 1#1: signal 17 (SIGCHLD) received from 32
2024/01/12 14:21:13 [notice] 1#1: signal 17 (SIGCHLD) received from 33
2024/01/12 14:21:13 [notice] 1#1: worker process 33 exited with code 0
2024/01/12 14:21:13 [notice] 1#1: signal 29 (SIGIO) received
2024/01/12 14:21:13 [notice] 1#1: signal 17 (SIGCHLD) received from 27
2024/01/12 14:21:13 [notice] 1#1: worker process 27 exited with code 0
2024/01/12 14:21:13 [notice] 1#1: exit
2024/01/12 14:22:15 [notice] 1#1: using the "epoll" event method
2024/01/12 14:22:15 [notice] 1#1: nginx/1.25.3
2024/01/12 14:22:15 [notice] 1#1: built by gcc 12.2.0 (Debian 12.2.0-14) 
2024/01/12 14:22:15 [notice] 1#1: OS: Linux 5.15.133.1-microsoft-standard-WSL2
2024/01/12 14:22:15 [notice] 1#1: getrlimit(RLIMIT_NOFILE): 1048576:1048576
2024/01/12 14:22:15 [notice] 1#1: start worker processes
2024/01/12 14:22:15 [notice] 1#1: start worker process 28
2024/01/12 14:22:15 [notice] 1#1: start worker process 29
2024/01/12 14:22:15 [notice] 1#1: start worker process 30
2024/01/12 14:22:15 [notice] 1#1: start worker process 31
2024/01/12 14:22:15 [notice] 1#1: start worker process 32
2024/01/12 14:22:15 [notice] 1#1: start worker process 33
2024/01/12 14:22:15 [notice] 1#1: start worker process 34
2024/01/12 14:22:15 [notice] 1#1: start worker process 35
2024/01/12 14:22:15 [notice] 1#1: start worker process 36
2024/01/12 14:22:15 [notice] 1#1: start worker process 37
2024/01/12 14:22:15 [notice] 1#1: start worker process 38
2024/01/12 14:22:15 [notice] 1#1: start worker process 39
2024/01/12 14:33:34 [notice] 1#1: signal 3 (SIGQUIT) received, shutting down
2024/01/12 14:33:34 [notice] 28#28: gracefully shutting down
2024/01/12 14:33:34 [notice] 29#29: gracefully shutting down
2024/01/12 14:33:34 [notice] 29#29: exiting
2024/01/12 14:33:34 [notice] 31#31: gracefully shutting down
2024/01/12 14:33:34 [notice] 28#28: exiting
2024/01/12 14:33:34 [notice] 32#32: gracefully shutting down
2024/01/12 14:33:34 [notice] 31#31: exiting
2024/01/12 14:33:34 [notice] 32#32: exiting
2024/01/12 14:33:34 [notice] 33#33: gracefully shutting down
2024/01/12 14:33:34 [notice] 33#33: exiting
2024/01/12 14:33:34 [notice] 34#34: gracefully shutting down
2024/01/12 14:33:34 [notice] 35#35: gracefully shutting down
2024/01/12 14:33:34 [notice] 29#29: exit
2024/01/12 14:33:34 [notice] 28#28: exit
2024/01/12 14:33:34 [notice] 31#31: exit
2024/01/12 14:33:34 [notice] 36#36: gracefully shutting down
2024/01/12 14:33:34 [notice] 34#34: exiting
2024/01/12 14:33:34 [notice] 37#37: gracefully shutting down
2024/01/12 14:33:34 [notice] 35#35: exiting
2024/01/12 14:33:34 [notice] 32#32: exit
2024/01/12 14:33:34 [notice] 38#38: gracefully shutting down
2024/01/12 14:33:34 [notice] 36#36: exiting
2024/01/12 14:33:34 [notice] 37#37: exiting
2024/01/12 14:33:34 [notice] 33#33: exit
2024/01/12 14:33:34 [notice] 38#38: exiting
2024/01/12 14:33:34 [notice] 34#34: exit
2024/01/12 14:33:34 [notice] 35#35: exit
2024/01/12 14:33:34 [notice] 36#36: exit
2024/01/12 14:33:34 [notice] 37#37: exit
2024/01/12 14:33:34 [notice] 38#38: exit
2024/01/12 14:33:34 [notice] 30#30: gracefully shutting down
2024/01/12 14:33:34 [notice] 30#30: exiting
2024/01/12 14:33:34 [notice] 30#30: exit
2024/01/12 14:33:34 [notice] 39#39: gracefully shutting down
2024/01/12 14:33:34 [notice] 39#39: exiting
2024/01/12 14:33:34 [notice] 39#39: exit
2024/01/12 14:33:34 [notice] 1#1: signal 17 (SIGCHLD) received from 28
2024/01/12 14:33:34 [notice] 1#1: worker process 28 exited with code 0
2024/01/12 14:33:34 [notice] 1#1: signal 29 (SIGIO) received
2024/01/12 14:33:34 [notice] 1#1: signal 17 (SIGCHLD) received from 30
2024/01/12 14:33:34 [notice] 1#1: worker process 30 exited with code 0
2024/01/12 14:33:34 [notice] 1#1: worker process 32 exited with code 0
2024/01/12 14:33:34 [notice] 1#1: signal 29 (SIGIO) received
2024/01/12 14:33:34 [notice] 1#1: signal 17 (SIGCHLD) received from 32
2024/01/12 14:33:34 [notice] 1#1: worker process 29 exited with code 0
2024/01/12 14:33:34 [notice] 1#1: worker process 37 exited with code 0
2024/01/12 14:33:34 [notice] 1#1: signal 29 (SIGIO) received
2024/01/12 14:33:34 [notice] 1#1: signal 17 (SIGCHLD) received from 29
2024/01/12 14:33:34 [notice] 1#1: signal 17 (SIGCHLD) received from 31
2024/01/12 14:33:34 [notice] 1#1: worker process 31 exited with code 0
2024/01/12 14:33:34 [notice] 1#1: worker process 33 exited with code 0
2024/01/12 14:33:34 [notice] 1#1: worker process 34 exited with code 0
2024/01/12 14:33:34 [notice] 1#1: worker process 35 exited with code 0
2024/01/12 14:33:34 [notice] 1#1: worker process 38 exited with code 0
2024/01/12 14:33:34 [notice] 1#1: worker process 39 exited with code 0
2024/01/12 14:33:34 [notice] 1#1: signal 29 (SIGIO) received
2024/01/12 14:33:34 [notice] 1#1: signal 17 (SIGCHLD) received from 39
2024/01/12 14:33:34 [notice] 1#1: signal 17 (SIGCHLD) received from 36
2024/01/12 14:33:34 [notice] 1#1: worker process 36 exited with code 0
2024/01/12 14:33:34 [notice] 1#1: exit
2024/01/12 14:34:27 [notice] 1#1: using the "epoll" event method
2024/01/12 14:34:27 [notice] 1#1: nginx/1.25.3
2024/01/12 14:34:27 [notice] 1#1: built by gcc 12.2.0 (Debian 12.2.0-14) 
2024/01/12 14:34:27 [notice] 1#1: OS: Linux 5.15.133.1-microsoft-standard-WSL2
2024/01/12 14:34:27 [notice] 1#1: getrlimit(RLIMIT_NOFILE): 1048576:1048576
2024/01/12 14:34:27 [notice] 1#1: start worker processes
2024/01/12 14:34:27 [notice] 1#1: start worker process 28
2024/01/12 14:34:27 [notice] 1#1: start worker process 29
2024/01/12 14:34:27 [notice] 1#1: start worker process 30
2024/01/12 14:34:27 [notice] 1#1: start worker process 31
2024/01/12 14:34:27 [notice] 1#1: start worker process 32
2024/01/12 14:34:27 [notice] 1#1: start worker process 33
2024/01/12 14:34:27 [notice] 1#1: start worker process 34
2024/01/12 14:34:27 [notice] 1#1: start worker process 35
2024/01/12 14:34:27 [notice] 1#1: start worker process 36
2024/01/12 14:34:27 [notice] 1#1: start worker process 37
2024/01/12 14:34:27 [notice] 1#1: start worker process 38
2024/01/12 14:34:27 [notice] 1#1: start worker process 39
2024/01/12 14:37:51 [notice] 1#1: signal 3 (SIGQUIT) received, shutting down
2024/01/12 14:37:51 [notice] 28#28: gracefully shutting down
2024/01/12 14:37:51 [notice] 29#29: gracefully shutting down
2024/01/12 14:37:51 [notice] 30#30: gracefully shutting down
2024/01/12 14:37:51 [notice] 31#31: gracefully shutting down
2024/01/12 14:37:51 [notice] 30#30: exiting
2024/01/12 14:37:51 [notice] 32#32: gracefully shutting down
2024/01/12 14:37:51 [notice] 31#31: exiting
2024/01/12 14:37:51 [notice] 28#28: exiting
2024/01/12 14:37:51 [notice] 32#32: exiting
2024/01/12 14:37:51 [notice] 37#37: gracefully shutting down
2024/01/12 14:37:51 [notice] 33#33: gracefully shutting down
2024/01/12 14:37:51 [notice] 35#35: gracefully shutting down
2024/01/12 14:37:51 [notice] 28#28: exit
2024/01/12 14:37:51 [notice] 31#31: exit
2024/01/12 14:37:51 [notice] 37#37: exiting
2024/01/12 14:37:51 [notice] 36#36: gracefully shutting down
2024/01/12 14:37:51 [notice] 33#33: exiting
2024/01/12 14:37:51 [notice] 35#35: exiting
2024/01/12 14:37:51 [notice] 36#36: exiting
2024/01/12 14:37:51 [notice] 37#37: exit
2024/01/12 14:37:51 [notice] 36#36: exit
2024/01/12 14:37:51 [notice] 35#35: exit
2024/01/12 14:37:51 [notice] 30#30: exit
2024/01/12 14:37:51 [notice] 38#38: gracefully shutting down
2024/01/12 14:37:51 [notice] 38#38: exiting
2024/01/12 14:37:51 [notice] 32#32: exit
2024/01/12 14:37:51 [notice] 38#38: exit
2024/01/12 14:37:51 [notice] 34#34: gracefully shutting down
2024/01/12 14:37:51 [notice] 34#34: exiting
2024/01/12 14:37:51 [notice] 34#34: exit
2024/01/12 14:37:51 [notice] 33#33: exit
2024/01/12 14:37:51 [notice] 39#39: gracefully shutting down
2024/01/12 14:37:51 [notice] 39#39: exiting
2024/01/12 14:37:51 [notice] 39#39: exit
2024/01/12 14:37:51 [notice] 1#1: signal 17 (SIGCHLD) received from 34
2024/01/12 14:37:51 [notice] 1#1: worker process 34 exited with code 0
2024/01/12 14:37:51 [notice] 1#1: worker process 38 exited with code 0
2024/01/12 14:37:51 [notice] 1#1: signal 29 (SIGIO) received
2024/01/12 14:37:51 [notice] 1#1: signal 17 (SIGCHLD) received from 38
2024/01/12 14:37:51 [notice] 1#1: signal 17 (SIGCHLD) received from 36
2024/01/12 14:37:51 [notice] 1#1: worker process 36 exited with code 0
2024/01/12 14:37:51 [notice] 1#1: worker process 37 exited with code 0
2024/01/12 14:37:51 [notice] 1#1: signal 29 (SIGIO) received
2024/01/12 14:37:51 [notice] 1#1: signal 17 (SIGCHLD) received from 37
2024/01/12 14:37:51 [notice] 1#1: signal 17 (SIGCHLD) received from 35
2024/01/12 14:37:51 [notice] 1#1: worker process 31 exited with code 0
2024/01/12 14:37:51 [notice] 1#1: worker process 35 exited with code 0
2024/01/12 14:37:51 [notice] 1#1: signal 29 (SIGIO) received
2024/01/12 14:37:51 [notice] 1#1: signal 17 (SIGCHLD) received from 32
2024/01/12 14:37:51 [notice] 1#1: worker process 32 exited with code 0
2024/01/12 14:37:51 [notice] 1#1: signal 29 (SIGIO) received
2024/01/12 14:37:51 [notice] 1#1: signal 17 (SIGCHLD) received from 33
2024/01/12 14:37:51 [notice] 1#1: worker process 30 exited with code 0
2024/01/12 14:37:51 [notice] 1#1: worker process 33 exited with code 0
2024/01/12 14:37:51 [notice] 1#1: signal 29 (SIGIO) received
2024/01/12 14:37:51 [notice] 1#1: signal 17 (SIGCHLD) received from 39
2024/01/12 14:37:51 [notice] 1#1: worker process 39 exited with code 0
2024/01/12 14:37:51 [notice] 1#1: signal 29 (SIGIO) received
2024/01/12 14:37:51 [notice] 1#1: signal 17 (SIGCHLD) received from 28
2024/01/12 14:37:51 [notice] 1#1: worker process 28 exited with code 0
2024/01/12 14:37:51 [notice] 1#1: signal 29 (SIGIO) received
2024/01/12 14:38:03 [notice] 1#1: using the "epoll" event method
2024/01/12 14:38:03 [notice] 1#1: nginx/1.25.3
2024/01/12 14:38:03 [notice] 1#1: built by gcc 12.2.0 (Debian 12.2.0-14) 
2024/01/12 14:38:03 [notice] 1#1: OS: Linux 5.15.133.1-microsoft-standard-WSL2
2024/01/12 14:38:03 [notice] 1#1: getrlimit(RLIMIT_NOFILE): 1048576:1048576
2024/01/12 14:38:03 [notice] 1#1: start worker processes
2024/01/12 14:38:03 [notice] 1#1: start worker process 28
2024/01/12 14:38:03 [notice] 1#1: start worker process 29
2024/01/12 14:38:03 [notice] 1#1: start worker process 30
2024/01/12 14:38:03 [notice] 1#1: start worker process 31
2024/01/12 14:38:03 [notice] 1#1: start worker process 32
2024/01/12 14:38:03 [notice] 1#1: start worker process 33
2024/01/12 14:38:03 [notice] 1#1: start worker process 34
2024/01/12 14:38:03 [notice] 1#1: start worker process 35
2024/01/12 14:38:03 [notice] 1#1: start worker process 36
2024/01/12 14:38:03 [notice] 1#1: start worker process 37
2024/01/12 14:38:03 [notice] 1#1: start worker process 38
2024/01/12 14:38:03 [notice] 1#1: start worker process 39
2024/01/12 14:39:39 [notice] 1#1: signal 3 (SIGQUIT) received, shutting down
2024/01/12 14:39:39 [notice] 28#28: gracefully shutting down
2024/01/12 14:39:39 [notice] 29#29: gracefully shutting down
2024/01/12 14:39:39 [notice] 28#28: exiting
2024/01/12 14:39:39 [notice] 30#30: gracefully shutting down
2024/01/12 14:39:39 [notice] 29#29: exiting
2024/01/12 14:39:39 [notice] 31#31: gracefully shutting down
2024/01/12 14:39:39 [notice] 30#30: exiting
2024/01/12 14:39:39 [notice] 31#31: exiting
2024/01/12 14:39:39 [notice] 33#33: gracefully shutting down
2024/01/12 14:39:39 [notice] 34#34: gracefully shutting down
2024/01/12 14:39:39 [notice] 33#33: exiting
2024/01/12 14:39:39 [notice] 28#28: exit
2024/01/12 14:39:39 [notice] 34#34: exiting
2024/01/12 14:39:39 [notice] 29#29: exit
2024/01/12 14:39:39 [notice] 38#38: gracefully shutting down
2024/01/12 14:39:39 [notice] 36#36: gracefully shutting down
2024/01/12 14:39:39 [notice] 30#30: exit
2024/01/12 14:39:39 [notice] 31#31: exit
2024/01/12 14:39:39 [notice] 38#38: exiting
2024/01/12 14:39:39 [notice] 36#36: exiting
2024/01/12 14:39:39 [notice] 34#34: exit
2024/01/12 14:39:39 [notice] 33#33: exit
2024/01/12 14:39:39 [notice] 38#38: exit
2024/01/12 14:39:39 [notice] 36#36: exit
2024/01/12 14:39:39 [notice] 32#32: gracefully shutting down
2024/01/12 14:39:39 [notice] 32#32: exiting
2024/01/12 14:39:39 [notice] 32#32: exit
2024/01/12 14:39:39 [notice] 35#35: gracefully shutting down
2024/01/12 14:39:39 [notice] 39#39: gracefully shutting down
2024/01/12 14:39:39 [notice] 39#39: exiting
2024/01/12 14:39:39 [notice] 35#35: exiting
2024/01/12 14:39:39 [notice] 39#39: exit
2024/01/12 14:39:39 [notice] 35#35: exit
2024/01/12 14:39:39 [notice] 37#37: gracefully shutting down
2024/01/12 14:39:39 [notice] 37#37: exiting
2024/01/12 14:39:39 [notice] 37#37: exit
2024/01/12 14:39:39 [notice] 1#1: signal 17 (SIGCHLD) received from 29
2024/01/12 14:39:39 [notice] 1#1: worker process 29 exited with code 0
2024/01/12 14:39:39 [notice] 1#1: worker process 39 exited with code 0
2024/01/12 14:39:39 [notice] 1#1: signal 29 (SIGIO) received
2024/01/12 14:39:39 [notice] 1#1: signal 17 (SIGCHLD) received from 33
2024/01/12 14:39:39 [notice] 1#1: worker process 31 exited with code 0
2024/01/12 14:39:39 [notice] 1#1: worker process 33 exited with code 0
2024/01/12 14:39:39 [notice] 1#1: worker process 36 exited with code 0
2024/01/12 14:39:39 [notice] 1#1: worker process 38 exited with code 0
2024/01/12 14:39:39 [notice] 1#1: signal 29 (SIGIO) received
2024/01/12 14:39:39 [notice] 1#1: signal 17 (SIGCHLD) received from 34
2024/01/12 14:39:39 [notice] 1#1: worker process 34 exited with code 0
2024/01/12 14:39:39 [notice] 1#1: signal 29 (SIGIO) received
2024/01/12 14:39:39 [notice] 1#1: signal 17 (SIGCHLD) received from 30
2024/01/12 14:39:39 [notice] 1#1: worker process 30 exited with code 0
2024/01/12 14:39:39 [notice] 1#1: worker process 32 exited with code 0
2024/01/12 14:39:39 [notice] 1#1: signal 29 (SIGIO) received
2024/01/12 14:39:39 [notice] 1#1: signal 17 (SIGCHLD) received from 37
2024/01/12 14:39:39 [notice] 1#1: worker process 37 exited with code 0
2024/01/12 14:39:39 [notice] 1#1: signal 29 (SIGIO) received
2024/01/12 14:39:39 [notice] 1#1: signal 17 (SIGCHLD) received from 35
2024/01/12 14:39:39 [notice] 1#1: worker process 35 exited with code 0
2024/01/12 14:39:39 [notice] 1#1: signal 29 (SIGIO) received
2024/01/12 14:39:39 [notice] 1#1: signal 17 (SIGCHLD) received from 28
2024/01/12 14:39:39 [notice] 1#1: worker process 28 exited with code 0
2024/01/12 14:39:39 [notice] 1#1: exit
2024/01/12 14:39:40 [notice] 1#1: using the "epoll" event method
2024/01/12 14:39:40 [notice] 1#1: nginx/1.25.3
2024/01/12 14:39:40 [notice] 1#1: built by gcc 12.2.0 (Debian 12.2.0-14) 
2024/01/12 14:39:40 [notice] 1#1: OS: Linux 5.15.133.1-microsoft-standard-WSL2
2024/01/12 14:39:40 [notice] 1#1: getrlimit(RLIMIT_NOFILE): 1048576:1048576
2024/01/12 14:39:40 [notice] 1#1: start worker processes
2024/01/12 14:39:40 [notice] 1#1: start worker process 28
2024/01/12 14:39:40 [notice] 1#1: start worker process 29
2024/01/12 14:39:40 [notice] 1#1: start worker process 30
2024/01/12 14:39:40 [notice] 1#1: start worker process 31
2024/01/12 14:39:40 [notice] 1#1: start worker process 32
2024/01/12 14:39:40 [notice] 1#1: start worker process 33
2024/01/12 14:39:40 [notice] 1#1: start worker process 34
2024/01/12 14:39:40 [notice] 1#1: start worker process 35
2024/01/12 14:39:40 [notice] 1#1: start worker process 36
2024/01/12 14:39:40 [notice] 1#1: start worker process 37
2024/01/12 14:39:40 [notice] 1#1: start worker process 38
2024/01/12 14:39:40 [notice] 1#1: start worker process 39
2024/01/12 14:40:35 [notice] 1#1: signal 3 (SIGQUIT) received, shutting down
2024/01/12 14:40:35 [notice] 29#29: gracefully shutting down
2024/01/12 14:40:35 [notice] 28#28: gracefully shutting down
2024/01/12 14:40:35 [notice] 30#30: gracefully shutting down
2024/01/12 14:40:35 [notice] 28#28: exiting
2024/01/12 14:40:35 [notice] 31#31: gracefully shutting down
2024/01/12 14:40:35 [notice] 31#31: exiting
2024/01/12 14:40:35 [notice] 32#32: gracefully shutting down
2024/01/12 14:40:35 [notice] 33#33: gracefully shutting down
2024/01/12 14:40:35 [notice] 32#32: exiting
2024/01/12 14:40:35 [notice] 34#34: gracefully shutting down
2024/01/12 14:40:35 [notice] 35#35: gracefully shutting down
2024/01/12 14:40:35 [notice] 29#29: exiting
2024/01/12 14:40:35 [notice] 33#33: exiting
2024/01/12 14:40:35 [notice] 37#37: gracefully shutting down
2024/01/12 14:40:35 [notice] 34#34: exiting
2024/01/12 14:40:35 [notice] 35#35: exiting
2024/01/12 14:40:35 [notice] 28#28: exit
2024/01/12 14:40:35 [notice] 37#37: exiting
2024/01/12 14:40:35 [notice] 31#31: exit
2024/01/12 14:40:35 [notice] 32#32: exit
2024/01/12 14:40:35 [notice] 29#29: exit
2024/01/12 14:40:35 [notice] 33#33: exit
2024/01/12 14:40:35 [notice] 36#36: gracefully shutting down
2024/01/12 14:40:35 [notice] 38#38: gracefully shutting down
2024/01/12 14:40:35 [notice] 34#34: exit
2024/01/12 14:40:35 [notice] 35#35: exit
2024/01/12 14:40:35 [notice] 36#36: exiting
2024/01/12 14:40:35 [notice] 37#37: exit
2024/01/12 14:40:35 [notice] 38#38: exiting
2024/01/12 14:40:35 [notice] 36#36: exit
2024/01/12 14:40:35 [notice] 38#38: exit
2024/01/12 14:40:35 [notice] 39#39: gracefully shutting down
2024/01/12 14:40:35 [notice] 39#39: exiting
2024/01/12 14:40:35 [notice] 39#39: exit
2024/01/12 14:40:35 [notice] 1#1: signal 17 (SIGCHLD) received from 34
2024/01/12 14:40:35 [notice] 1#1: worker process 34 exited with code 0
2024/01/12 14:40:35 [notice] 1#1: worker process 31 exited with code 0
2024/01/12 14:40:35 [notice] 1#1: worker process 28 exited with code 0
2024/01/12 14:40:35 [notice] 1#1: worker process 29 exited with code 0
2024/01/12 14:40:35 [notice] 1#1: worker process 35 exited with code 0
2024/01/12 14:40:35 [notice] 1#1: worker process 39 exited with code 0
2024/01/12 14:40:35 [notice] 1#1: signal 29 (SIGIO) received
2024/01/12 14:40:35 [notice] 1#1: signal 17 (SIGCHLD) received from 39
2024/01/12 14:40:35 [notice] 1#1: signal 17 (SIGCHLD) received from 38
2024/01/12 14:40:35 [notice] 1#1: worker process 33 exited with code 0
2024/01/12 14:40:35 [notice] 1#1: worker process 37 exited with code 0
2024/01/12 14:40:35 [notice] 1#1: worker process 38 exited with code 0
2024/01/12 14:40:35 [notice] 1#1: signal 29 (SIGIO) received
2024/01/12 14:40:35 [notice] 1#1: signal 17 (SIGCHLD) received from 33
2024/01/12 14:40:35 [notice] 1#1: signal 17 (SIGCHLD) received from 32
2024/01/12 14:40:35 [notice] 1#1: worker process 32 exited with code 0
2024/01/12 14:40:35 [notice] 1#1: signal 29 (SIGIO) received
2024/01/12 14:40:35 [notice] 1#1: signal 17 (SIGCHLD) received from 36
2024/01/12 14:40:35 [notice] 1#1: worker process 36 exited with code 0
2024/01/12 14:40:35 [notice] 1#1: signal 29 (SIGIO) received
2024/01/12 14:43:39 [notice] 1#1: using the "epoll" event method
2024/01/12 14:43:39 [notice] 1#1: nginx/1.25.3
2024/01/12 14:43:39 [notice] 1#1: built by gcc 12.2.0 (Debian 12.2.0-14) 
2024/01/12 14:43:39 [notice] 1#1: OS: Linux 5.15.133.1-microsoft-standard-WSL2
2024/01/12 14:43:39 [notice] 1#1: getrlimit(RLIMIT_NOFILE): 1048576:1048576
2024/01/12 14:43:39 [notice] 1#1: start worker processes
2024/01/12 14:43:39 [notice] 1#1: start worker process 28
2024/01/12 14:43:39 [notice] 1#1: start worker process 29
2024/01/12 14:43:39 [notice] 1#1: start worker process 30
2024/01/12 14:43:39 [notice] 1#1: start worker process 31
2024/01/12 14:43:39 [notice] 1#1: start worker process 32
2024/01/12 14:43:39 [notice] 1#1: start worker process 33
2024/01/12 14:43:39 [notice] 1#1: start worker process 34
2024/01/12 14:43:39 [notice] 1#1: start worker process 35
2024/01/12 14:43:39 [notice] 1#1: start worker process 36
2024/01/12 14:43:39 [notice] 1#1: start worker process 37
2024/01/12 14:43:39 [notice] 1#1: start worker process 38
2024/01/12 14:43:39 [notice] 1#1: start worker process 39
2024/01/12 14:45:24 [notice] 1#1: signal 3 (SIGQUIT) received, shutting down
2024/01/12 14:45:24 [notice] 28#28: gracefully shutting down
2024/01/12 14:45:24 [notice] 29#29: gracefully shutting down
2024/01/12 14:45:24 [notice] 28#28: exiting
2024/01/12 14:45:24 [notice] 31#31: gracefully shutting down
2024/01/12 14:45:24 [notice] 29#29: exiting
2024/01/12 14:45:24 [notice] 31#31: exiting
2024/01/12 14:45:24 [notice] 32#32: gracefully shutting down
2024/01/12 14:45:24 [notice] 32#32: exiting
2024/01/12 14:45:24 [notice] 33#33: gracefully shutting down
2024/01/12 14:45:24 [notice] 28#28: exit
2024/01/12 14:45:24 [notice] 34#34: gracefully shutting down
2024/01/12 14:45:24 [notice] 29#29: exit
2024/01/12 14:45:24 [notice] 35#35: gracefully shutting down
2024/01/12 14:45:24 [notice] 33#33: exiting
2024/01/12 14:45:24 [notice] 31#31: exit
2024/01/12 14:45:24 [notice] 34#34: exiting
2024/01/12 14:45:24 [notice] 36#36: gracefully shutting down
2024/01/12 14:45:24 [notice] 35#35: exiting
2024/01/12 14:45:24 [notice] 32#32: exit
2024/01/12 14:45:24 [notice] 36#36: exiting
2024/01/12 14:45:24 [notice] 38#38: gracefully shutting down
2024/01/12 14:45:24 [notice] 38#38: exiting
2024/01/12 14:45:24 [notice] 33#33: exit
2024/01/12 14:45:24 [notice] 35#35: exit
2024/01/12 14:45:24 [notice] 34#34: exit
2024/01/12 14:45:24 [notice] 36#36: exit
2024/01/12 14:45:24 [notice] 38#38: exit
2024/01/12 14:45:24 [notice] 30#30: gracefully shutting down
2024/01/12 14:45:24 [notice] 30#30: exiting
2024/01/12 14:45:24 [notice] 30#30: exit
2024/01/12 14:45:24 [notice] 37#37: gracefully shutting down
2024/01/12 14:45:24 [notice] 37#37: exiting
2024/01/12 14:45:24 [notice] 37#37: exit
2024/01/12 14:45:24 [notice] 39#39: gracefully shutting down
2024/01/12 14:45:24 [notice] 39#39: exiting
2024/01/12 14:45:24 [notice] 39#39: exit
2024/01/12 14:45:24 [notice] 1#1: signal 17 (SIGCHLD) received from 35
2024/01/12 14:45:24 [notice] 1#1: worker process 30 exited with code 0
2024/01/12 14:45:24 [notice] 1#1: worker process 35 exited with code 0
2024/01/12 14:45:24 [notice] 1#1: worker process 37 exited with code 0
2024/01/12 14:45:24 [notice] 1#1: signal 29 (SIGIO) received
2024/01/12 14:45:24 [notice] 1#1: signal 17 (SIGCHLD) received from 31
2024/01/12 14:45:24 [notice] 1#1: worker process 28 exited with code 0
2024/01/12 14:45:24 [notice] 1#1: worker process 31 exited with code 0
2024/01/12 14:45:24 [notice] 1#1: worker process 33 exited with code 0
2024/01/12 14:45:24 [notice] 1#1: worker process 36 exited with code 0
2024/01/12 14:45:24 [notice] 1#1: worker process 38 exited with code 0
2024/01/12 14:45:24 [notice] 1#1: worker process 39 exited with code 0
2024/01/12 14:45:24 [notice] 1#1: signal 29 (SIGIO) received
2024/01/12 14:45:24 [notice] 1#1: signal 17 (SIGCHLD) received from 34
2024/01/12 14:45:24 [notice] 1#1: worker process 34 exited with code 0
2024/01/12 14:45:24 [notice] 1#1: signal 29 (SIGIO) received
2024/01/12 14:45:24 [notice] 1#1: signal 17 (SIGCHLD) received from 32
2024/01/12 14:45:24 [notice] 1#1: worker process 29 exited with code 0
2024/01/12 14:45:24 [notice] 1#1: worker process 32 exited with code 0
2024/01/12 14:45:24 [notice] 1#1: exit
2024/01/12 14:55:46 [notice] 1#1: using the "epoll" event method
2024/01/12 14:55:46 [notice] 1#1: nginx/1.25.3
2024/01/12 14:55:46 [notice] 1#1: built by gcc 12.2.0 (Debian 12.2.0-14) 
2024/01/12 14:55:46 [notice] 1#1: OS: Linux 5.15.133.1-microsoft-standard-WSL2
2024/01/12 14:55:46 [notice] 1#1: getrlimit(RLIMIT_NOFILE): 1048576:1048576
2024/01/12 14:55:46 [notice] 1#1: start worker processes
2024/01/12 14:55:46 [notice] 1#1: start worker process 28
2024/01/12 14:55:46 [notice] 1#1: start worker process 29
2024/01/12 14:55:46 [notice] 1#1: start worker process 30
2024/01/12 14:55:46 [notice] 1#1: start worker process 31
2024/01/12 14:55:46 [notice] 1#1: start worker process 32
2024/01/12 14:55:46 [notice] 1#1: start worker process 33
2024/01/12 14:55:46 [notice] 1#1: start worker process 34
2024/01/12 14:55:46 [notice] 1#1: start worker process 35
2024/01/12 14:55:46 [notice] 1#1: start worker process 36
2024/01/12 14:55:46 [notice] 1#1: start worker process 37
2024/01/12 14:55:46 [notice] 1#1: start worker process 38
2024/01/12 14:55:46 [notice] 1#1: start worker process 39
2024/01/12 14:57:54 [notice] 1#1: signal 3 (SIGQUIT) received, shutting down
2024/01/12 14:57:54 [notice] 28#28: gracefully shutting down
2024/01/12 14:57:54 [notice] 29#29: gracefully shutting down
2024/01/12 14:57:54 [notice] 30#30: gracefully shutting down
2024/01/12 14:57:54 [notice] 31#31: gracefully shutting down
2024/01/12 14:57:54 [notice] 28#28: exiting
2024/01/12 14:57:54 [notice] 29#29: exiting
2024/01/12 14:57:54 [notice] 33#33: gracefully shutting down
2024/01/12 14:57:54 [notice] 30#30: exiting
2024/01/12 14:57:54 [notice] 32#32: gracefully shutting down
2024/01/12 14:57:54 [notice] 31#31: exiting
2024/01/12 14:57:54 [notice] 34#34: gracefully shutting down
2024/01/12 14:57:54 [notice] 35#35: gracefully shutting down
2024/01/12 14:57:54 [notice] 36#36: gracefully shutting down
2024/01/12 14:57:54 [notice] 33#33: exiting
2024/01/12 14:57:54 [notice] 37#37: gracefully shutting down
2024/01/12 14:57:54 [notice] 32#32: exiting
2024/01/12 14:57:54 [notice] 35#35: exiting
2024/01/12 14:57:54 [notice] 34#34: exiting
2024/01/12 14:57:54 [notice] 36#36: exiting
2024/01/12 14:57:54 [notice] 37#37: exiting
2024/01/12 14:57:54 [notice] 30#30: exit
2024/01/12 14:57:54 [notice] 29#29: exit
2024/01/12 14:57:54 [notice] 28#28: exit
2024/01/12 14:57:54 [notice] 31#31: exit
2024/01/12 14:57:54 [notice] 35#35: exit
2024/01/12 14:57:54 [notice] 38#38: gracefully shutting down
2024/01/12 14:57:54 [notice] 33#33: exit
2024/01/12 14:57:54 [notice] 34#34: exit
2024/01/12 14:57:54 [notice] 36#36: exit
2024/01/12 14:57:54 [notice] 32#32: exit
2024/01/12 14:57:54 [notice] 37#37: exit
2024/01/12 14:57:54 [notice] 38#38: exiting
2024/01/12 14:57:54 [notice] 38#38: exit
2024/01/12 14:57:54 [notice] 39#39: gracefully shutting down
2024/01/12 14:57:54 [notice] 39#39: exiting
2024/01/12 14:57:54 [notice] 39#39: exit
2024/01/12 14:57:55 [notice] 1#1: signal 17 (SIGCHLD) received from 28
2024/01/12 14:57:55 [notice] 1#1: worker process 28 exited with code 0
2024/01/12 14:57:55 [notice] 1#1: worker process 29 exited with code 0
2024/01/12 14:57:55 [notice] 1#1: worker process 30 exited with code 0
2024/01/12 14:57:55 [notice] 1#1: worker process 31 exited with code 0
2024/01/12 14:57:55 [notice] 1#1: worker process 33 exited with code 0
2024/01/12 14:57:55 [notice] 1#1: worker process 35 exited with code 0
2024/01/12 14:57:55 [notice] 1#1: worker process 39 exited with code 0
2024/01/12 14:57:55 [notice] 1#1: signal 29 (SIGIO) received
2024/01/12 14:57:55 [notice] 1#1: signal 17 (SIGCHLD) received from 30
2024/01/12 14:57:55 [notice] 1#1: signal 17 (SIGCHLD) received from 38
2024/01/12 14:57:55 [notice] 1#1: worker process 32 exited with code 0
2024/01/12 14:57:55 [notice] 1#1: worker process 38 exited with code 0
2024/01/12 14:57:55 [notice] 1#1: signal 29 (SIGIO) received
2024/01/12 14:57:55 [notice] 1#1: signal 17 (SIGCHLD) received from 32
2024/01/12 14:57:55 [notice] 1#1: signal 17 (SIGCHLD) received from 37
2024/01/12 14:57:55 [notice] 1#1: worker process 37 exited with code 0
2024/01/12 14:57:55 [notice] 1#1: signal 29 (SIGIO) received
2024/01/12 14:57:55 [notice] 1#1: signal 17 (SIGCHLD) received from 34
2024/01/12 14:57:55 [notice] 1#1: worker process 34 exited with code 0
2024/01/12 14:57:55 [notice] 1#1: worker process 36 exited with code 0
2024/01/12 14:57:55 [notice] 1#1: exit
2024/01/12 14:58:56 [notice] 1#1: using the "epoll" event method
2024/01/12 14:58:56 [notice] 1#1: nginx/1.25.3
2024/01/12 14:58:56 [notice] 1#1: built by gcc 12.2.0 (Debian 12.2.0-14) 
2024/01/12 14:58:56 [notice] 1#1: OS: Linux 5.15.133.1-microsoft-standard-WSL2
2024/01/12 14:58:56 [notice] 1#1: getrlimit(RLIMIT_NOFILE): 1048576:1048576
2024/01/12 14:58:56 [notice] 1#1: start worker processes
2024/01/12 14:58:56 [notice] 1#1: start worker process 28
2024/01/12 14:58:56 [notice] 1#1: start worker process 29
2024/01/12 14:58:56 [notice] 1#1: start worker process 30
2024/01/12 14:58:56 [notice] 1#1: start worker process 31
2024/01/12 14:58:56 [notice] 1#1: start worker process 32
2024/01/12 14:58:56 [notice] 1#1: start worker process 33
2024/01/12 14:58:56 [notice] 1#1: start worker process 34
2024/01/12 14:58:56 [notice] 1#1: start worker process 35
2024/01/12 14:58:56 [notice] 1#1: start worker process 36
2024/01/12 14:58:56 [notice] 1#1: start worker process 37
2024/01/12 14:58:56 [notice] 1#1: start worker process 38
2024/01/12 14:58:56 [notice] 1#1: start worker process 39
2024/01/12 15:02:39 [notice] 1#1: signal 3 (SIGQUIT) received, shutting down
2024/01/12 15:02:39 [notice] 28#28: gracefully shutting down
2024/01/12 15:02:39 [notice] 29#29: gracefully shutting down
2024/01/12 15:02:39 [notice] 28#28: exiting
2024/01/12 15:02:39 [notice] 30#30: gracefully shutting down
2024/01/12 15:02:39 [notice] 29#29: exiting
2024/01/12 15:02:39 [notice] 31#31: gracefully shutting down
2024/01/12 15:02:39 [notice] 30#30: exiting
2024/01/12 15:02:39 [notice] 32#32: gracefully shutting down
2024/01/12 15:02:39 [notice] 31#31: exiting
2024/01/12 15:02:39 [notice] 33#33: gracefully shutting down
2024/01/12 15:02:39 [notice] 32#32: exiting
2024/01/12 15:02:39 [notice] 34#34: gracefully shutting down
2024/01/12 15:02:39 [notice] 28#28: exit
2024/01/12 15:02:39 [notice] 33#33: exiting
2024/01/12 15:02:39 [notice] 35#35: gracefully shutting down
2024/01/12 15:02:39 [notice] 34#34: exiting
2024/01/12 15:02:39 [notice] 38#38: gracefully shutting down
2024/01/12 15:02:39 [notice] 29#29: exit
2024/01/12 15:02:39 [notice] 31#31: exit
2024/01/12 15:02:39 [notice] 35#35: exiting
2024/01/12 15:02:39 [notice] 30#30: exit
2024/01/12 15:02:39 [notice] 38#38: exiting
2024/01/12 15:02:39 [notice] 32#32: exit
2024/01/12 15:02:39 [notice] 33#33: exit
2024/01/12 15:02:39 [notice] 34#34: exit
2024/01/12 15:02:39 [notice] 35#35: exit
2024/01/12 15:02:39 [notice] 38#38: exit
2024/01/12 15:02:39 [notice] 37#37: gracefully shutting down
2024/01/12 15:02:39 [notice] 37#37: exiting
2024/01/12 15:02:39 [notice] 37#37: exit
2024/01/12 15:02:39 [notice] 36#36: gracefully shutting down
2024/01/12 15:02:39 [notice] 36#36: exiting
2024/01/12 15:02:39 [notice] 36#36: exit
2024/01/12 15:02:39 [notice] 39#39: gracefully shutting down
2024/01/12 15:02:39 [notice] 39#39: exiting
2024/01/12 15:02:39 [notice] 39#39: exit
2024/01/12 15:02:39 [notice] 1#1: signal 17 (SIGCHLD) received from 30
2024/01/12 15:02:39 [notice] 1#1: worker process 28 exited with code 0
2024/01/12 15:02:39 [notice] 1#1: worker process 29 exited with code 0
2024/01/12 15:02:39 [notice] 1#1: worker process 30 exited with code 0
2024/01/12 15:02:39 [notice] 1#1: worker process 32 exited with code 0
2024/01/12 15:02:39 [notice] 1#1: worker process 35 exited with code 0
2024/01/12 15:02:39 [notice] 1#1: worker process 37 exited with code 0
2024/01/12 15:02:39 [notice] 1#1: signal 29 (SIGIO) received
2024/01/12 15:02:39 [notice] 1#1: signal 17 (SIGCHLD) received from 34
2024/01/12 15:02:39 [notice] 1#1: worker process 34 exited with code 0
2024/01/12 15:02:39 [notice] 1#1: worker process 38 exited with code 0
2024/01/12 15:02:39 [notice] 1#1: signal 29 (SIGIO) received
2024/01/12 15:02:39 [notice] 1#1: signal 17 (SIGCHLD) received from 39
2024/01/12 15:02:39 [notice] 1#1: worker process 31 exited with code 0
2024/01/12 15:02:39 [notice] 1#1: worker process 36 exited with code 0
2024/01/12 15:02:39 [notice] 1#1: worker process 39 exited with code 0
2024/01/12 15:02:39 [notice] 1#1: signal 29 (SIGIO) received
2024/01/12 15:02:39 [notice] 1#1: signal 17 (SIGCHLD) received from 31
2024/01/12 15:02:39 [notice] 1#1: signal 17 (SIGCHLD) received from 33
2024/01/12 15:02:39 [notice] 1#1: worker process 33 exited with code 0
2024/01/12 15:02:39 [notice] 1#1: exit
2024/01/12 15:03:37 [emerg] 1#1: host not found in upstream "wordpress" in /etc/nginx/conf.d/default.conf:33
2024/01/12 15:05:50 [emerg] 1#1: host not found in upstream "wordpress" in /etc/nginx/conf.d/default.conf:33
2024/01/12 15:09:07 [notice] 1#1: using the "epoll" event method
2024/01/12 15:09:07 [notice] 1#1: nginx/1.25.3
2024/01/12 15:09:07 [notice] 1#1: built by gcc 12.2.0 (Debian 12.2.0-14) 
2024/01/12 15:09:07 [notice] 1#1: OS: Linux 5.15.133.1-microsoft-standard-WSL2
2024/01/12 15:09:07 [notice] 1#1: getrlimit(RLIMIT_NOFILE): 1048576:1048576
2024/01/12 15:09:07 [notice] 1#1: start worker processes
2024/01/12 15:09:07 [notice] 1#1: start worker process 28
2024/01/12 15:09:07 [notice] 1#1: start worker process 29
2024/01/12 15:09:07 [notice] 1#1: start worker process 30
2024/01/12 15:09:07 [notice] 1#1: start worker process 31
2024/01/12 15:09:07 [notice] 1#1: start worker process 32
2024/01/12 15:09:07 [notice] 1#1: start worker process 33
2024/01/12 15:09:07 [notice] 1#1: start worker process 34
2024/01/12 15:09:07 [notice] 1#1: start worker process 35
2024/01/12 15:09:07 [notice] 1#1: start worker process 36
2024/01/12 15:09:07 [notice] 1#1: start worker process 37
2024/01/12 15:09:07 [notice] 1#1: start worker process 38
2024/01/12 15:09:07 [notice] 1#1: start worker process 39
2024/01/12 15:11:39 [error] 28#28: *1 connect() failed (113: No route to host) while connecting to upstream, client: 192.168.96.1, server: localhost, request: "POST /wp-admin/setup-config.php?step=0 HTTP/1.1", upstream: "fastcgi://192.168.96.4:9000", host: "localhost", referrer: "http://localhost/wp-admin/setup-config.php"
2024/01/12 15:11:45 [error] 28#28: *1 connect() failed (113: No route to host) while connecting to upstream, client: 192.168.96.1, server: localhost, request: "GET / HTTP/1.1", upstream: "fastcgi://192.168.96.4:9000", host: "localhost"
2024/01/12 15:13:51 [error] 30#30: *5 directory index of "/var/www/html/" is forbidden, client: 192.168.96.1, server: localhost, request: "GET / HTTP/1.1", host: "172.22.16.158"
2024/01/12 15:18:15 [notice] 1#1: signal 3 (SIGQUIT) received, shutting down
2024/01/12 15:18:15 [notice] 28#28: gracefully shutting down
2024/01/12 15:18:15 [notice] 29#29: gracefully shutting down
2024/01/12 15:18:15 [notice] 30#30: gracefully shutting down
2024/01/12 15:18:15 [notice] 28#28: exiting
2024/01/12 15:18:15 [notice] 30#30: exiting
2024/01/12 15:18:15 [notice] 31#31: gracefully shutting down
2024/01/12 15:18:15 [notice] 31#31: exiting
2024/01/12 15:18:15 [notice] 32#32: gracefully shutting down
2024/01/12 15:18:15 [notice] 34#34: gracefully shutting down
2024/01/12 15:18:15 [notice] 33#33: gracefully shutting down
2024/01/12 15:18:15 [notice] 32#32: exiting
2024/01/12 15:18:15 [notice] 34#34: exiting
2024/01/12 15:18:15 [notice] 33#33: exiting
2024/01/12 15:18:15 [notice] 36#36: gracefully shutting down
2024/01/12 15:18:15 [notice] 31#31: exit
2024/01/12 15:18:15 [notice] 30#30: exit
2024/01/12 15:18:15 [notice] 36#36: exiting
2024/01/12 15:18:15 [notice] 28#28: exit
2024/01/12 15:18:15 [notice] 32#32: exit
2024/01/12 15:18:15 [notice] 34#34: exit
2024/01/12 15:18:15 [notice] 39#39: gracefully shutting down
2024/01/12 15:18:15 [notice] 33#33: exit
2024/01/12 15:18:15 [notice] 39#39: exiting
2024/01/12 15:18:15 [notice] 36#36: exit
2024/01/12 15:18:15 [notice] 39#39: exit
2024/01/12 15:18:15 [notice] 38#38: gracefully shutting down
2024/01/12 15:18:15 [notice] 38#38: exiting
2024/01/12 15:18:15 [notice] 35#35: gracefully shutting down
2024/01/12 15:18:15 [notice] 38#38: exit
2024/01/12 15:18:15 [notice] 35#35: exiting
2024/01/12 15:18:15 [notice] 29#29: exiting
2024/01/12 15:18:15 [notice] 35#35: exit
2024/01/12 15:18:15 [notice] 29#29: exit
2024/01/12 15:18:15 [notice] 37#37: gracefully shutting down
2024/01/12 15:18:15 [notice] 37#37: exiting
2024/01/12 15:18:15 [notice] 37#37: exit
2024/01/12 15:18:15 [notice] 1#1: signal 17 (SIGCHLD) received from 30
2024/01/12 15:18:15 [notice] 1#1: worker process 30 exited with code 0
2024/01/12 15:18:15 [notice] 1#1: worker process 32 exited with code 0
2024/01/12 15:18:15 [notice] 1#1: signal 29 (SIGIO) received
2024/01/12 15:18:15 [notice] 1#1: signal 17 (SIGCHLD) received from 36
2024/01/12 15:18:15 [notice] 1#1: worker process 31 exited with code 0
2024/01/12 15:18:15 [notice] 1#1: worker process 34 exited with code 0
2024/01/12 15:18:15 [notice] 1#1: worker process 36 exited with code 0
2024/01/12 15:18:15 [notice] 1#1: worker process 37 exited with code 0
2024/01/12 15:18:15 [notice] 1#1: worker process 39 exited with code 0
2024/01/12 15:18:15 [notice] 1#1: signal 29 (SIGIO) received
2024/01/12 15:18:15 [notice] 1#1: signal 17 (SIGCHLD) received from 34
2024/01/12 15:18:15 [notice] 1#1: worker process 28 exited with code 0
2024/01/12 15:18:15 [notice] 1#1: signal 29 (SIGIO) received
2024/01/12 15:18:15 [notice] 1#1: signal 17 (SIGCHLD) received from 33
2024/01/12 15:18:15 [notice] 1#1: worker process 33 exited with code 0
2024/01/12 15:18:15 [notice] 1#1: worker process 35 exited with code 0
2024/01/12 15:18:15 [notice] 1#1: worker process 29 exited with code 0
2024/01/12 15:18:15 [notice] 1#1: signal 29 (SIGIO) received
2024/01/12 15:18:15 [notice] 1#1: signal 17 (SIGCHLD) received from 29
2024/01/12 15:18:15 [notice] 1#1: signal 17 (SIGCHLD) received from 38
2024/01/12 15:18:15 [notice] 1#1: worker process 38 exited with code 0
2024/01/12 15:18:15 [notice] 1#1: exit
2024/01/12 15:19:03 [notice] 1#1: using the "epoll" event method
2024/01/12 15:19:03 [notice] 1#1: nginx/1.25.3
2024/01/12 15:19:03 [notice] 1#1: built by gcc 12.2.0 (Debian 12.2.0-14) 
2024/01/12 15:19:03 [notice] 1#1: OS: Linux 5.15.133.1-microsoft-standard-WSL2
2024/01/12 15:19:03 [notice] 1#1: getrlimit(RLIMIT_NOFILE): 1048576:1048576
2024/01/12 15:19:03 [notice] 1#1: start worker processes
2024/01/12 15:19:03 [notice] 1#1: start worker process 28
2024/01/12 15:19:03 [notice] 1#1: start worker process 29
2024/01/12 15:19:03 [notice] 1#1: start worker process 30
2024/01/12 15:19:03 [notice] 1#1: start worker process 31
2024/01/12 15:19:03 [notice] 1#1: start worker process 32
2024/01/12 15:19:03 [notice] 1#1: start worker process 33
2024/01/12 15:19:03 [notice] 1#1: start worker process 34
2024/01/12 15:19:03 [notice] 1#1: start worker process 35
2024/01/12 15:19:03 [notice] 1#1: start worker process 36
2024/01/12 15:19:03 [notice] 1#1: start worker process 37
2024/01/12 15:19:03 [notice] 1#1: start worker process 38
2024/01/12 15:19:03 [notice] 1#1: start worker process 39
2024/01/12 15:21:48 [notice] 1#1: signal 3 (SIGQUIT) received, shutting down
2024/01/12 15:21:48 [notice] 28#28: gracefully shutting down
2024/01/12 15:21:48 [notice] 30#30: gracefully shutting down
2024/01/12 15:21:48 [notice] 28#28: exiting
2024/01/12 15:21:48 [notice] 30#30: exiting
2024/01/12 15:21:48 [notice] 31#31: gracefully shutting down
2024/01/12 15:21:48 [notice] 32#32: gracefully shutting down
2024/01/12 15:21:48 [notice] 31#31: exiting
2024/01/12 15:21:48 [notice] 32#32: exiting
2024/01/12 15:21:48 [notice] 33#33: gracefully shutting down
2024/01/12 15:21:48 [notice] 34#34: gracefully shutting down
2024/01/12 15:21:48 [notice] 28#28: exit
2024/01/12 15:21:48 [notice] 33#33: exiting
2024/01/12 15:21:48 [notice] 30#30: exit
2024/01/12 15:21:48 [notice] 35#35: gracefully shutting down
2024/01/12 15:21:48 [notice] 34#34: exiting
2024/01/12 15:21:48 [notice] 35#35: exiting
2024/01/12 15:21:48 [notice] 32#32: exit
2024/01/12 15:21:48 [notice] 31#31: exit
2024/01/12 15:21:48 [notice] 29#29: gracefully shutting down
2024/01/12 15:21:48 [notice] 33#33: exit
2024/01/12 15:21:48 [notice] 29#29: exiting
2024/01/12 15:21:48 [notice] 34#34: exit
2024/01/12 15:21:48 [notice] 35#35: exit
2024/01/12 15:21:48 [notice] 29#29: exit
2024/01/12 15:21:48 [notice] 36#36: gracefully shutting down
2024/01/12 15:21:48 [notice] 36#36: exiting
2024/01/12 15:21:48 [notice] 36#36: exit
2024/01/12 15:21:48 [notice] 37#37: gracefully shutting down
2024/01/12 15:21:48 [notice] 39#39: gracefully shutting down
2024/01/12 15:21:48 [notice] 37#37: exiting
2024/01/12 15:21:48 [notice] 39#39: exiting
2024/01/12 15:21:48 [notice] 37#37: exit
2024/01/12 15:21:48 [notice] 39#39: exit
2024/01/12 15:21:48 [notice] 38#38: gracefully shutting down
2024/01/12 15:21:48 [notice] 38#38: exiting
2024/01/12 15:21:48 [notice] 38#38: exit
2024/01/12 15:21:48 [notice] 1#1: signal 17 (SIGCHLD) received from 38
2024/01/12 15:21:48 [notice] 1#1: worker process 28 exited with code 0
2024/01/12 15:21:48 [notice] 1#1: worker process 37 exited with code 0
2024/01/12 15:21:48 [notice] 1#1: worker process 38 exited with code 0
2024/01/12 15:21:48 [notice] 1#1: signal 29 (SIGIO) received
2024/01/12 15:21:48 [notice] 1#1: signal 17 (SIGCHLD) received from 31
2024/01/12 15:21:48 [notice] 1#1: worker process 30 exited with code 0
2024/01/12 15:21:48 [notice] 1#1: worker process 31 exited with code 0
2024/01/12 15:21:48 [notice] 1#1: signal 29 (SIGIO) received
2024/01/12 15:21:49 [notice] 1#1: signal 17 (SIGCHLD) received from 33
2024/01/12 15:21:49 [notice] 1#1: worker process 29 exited with code 0
2024/01/12 15:21:49 [notice] 1#1: worker process 32 exited with code 0
2024/01/12 15:21:49 [notice] 1#1: worker process 33 exited with code 0
2024/01/12 15:21:49 [notice] 1#1: worker process 34 exited with code 0
2024/01/12 15:21:49 [notice] 1#1: worker process 39 exited with code 0
2024/01/12 15:21:49 [notice] 1#1: signal 29 (SIGIO) received
2024/01/12 15:21:49 [notice] 1#1: signal 17 (SIGCHLD) received from 29
2024/01/12 15:21:49 [notice] 1#1: signal 17 (SIGCHLD) received from 36
2024/01/12 15:21:49 [notice] 1#1: worker process 35 exited with code 0
2024/01/12 15:21:49 [notice] 1#1: worker process 36 exited with code 0
2024/01/12 15:21:49 [notice] 1#1: exit
2024/01/12 15:22:51 [emerg] 1#1: host not found in upstream "wordpress" in /etc/nginx/conf.d/default.conf:33
2024/01/12 15:25:15 [emerg] 1#1: host not found in upstream "wordpress" in /etc/nginx/conf.d/default.conf:33
2024/01/12 15:26:38 [notice] 1#1: using the "epoll" event method
2024/01/12 15:26:38 [notice] 1#1: nginx/1.25.3
2024/01/12 15:26:38 [notice] 1#1: built by gcc 12.2.0 (Debian 12.2.0-14) 
2024/01/12 15:26:38 [notice] 1#1: OS: Linux 5.15.133.1-microsoft-standard-WSL2
2024/01/12 15:26:38 [notice] 1#1: getrlimit(RLIMIT_NOFILE): 1048576:1048576
2024/01/12 15:26:38 [notice] 1#1: start worker processes
2024/01/12 15:26:38 [notice] 1#1: start worker process 28
2024/01/12 15:26:38 [notice] 1#1: start worker process 29
2024/01/12 15:26:38 [notice] 1#1: start worker process 30
2024/01/12 15:26:38 [notice] 1#1: start worker process 31
2024/01/12 15:26:38 [notice] 1#1: start worker process 32
2024/01/12 15:26:38 [notice] 1#1: start worker process 33
2024/01/12 15:26:38 [notice] 1#1: start worker process 34
2024/01/12 15:26:38 [notice] 1#1: start worker process 35
2024/01/12 15:26:38 [notice] 1#1: start worker process 36
2024/01/12 15:26:38 [notice] 1#1: start worker process 37
2024/01/12 15:26:38 [notice] 1#1: start worker process 38
2024/01/12 15:26:38 [notice] 1#1: start worker process 39
2024/01/12 15:32:49 [notice] 1#1: signal 3 (SIGQUIT) received, shutting down
2024/01/12 15:32:49 [notice] 28#28: gracefully shutting down
2024/01/12 15:32:49 [notice] 29#29: gracefully shutting down
2024/01/12 15:32:49 [notice] 30#30: gracefully shutting down
2024/01/12 15:32:49 [notice] 28#28: exiting
2024/01/12 15:32:49 [notice] 31#31: gracefully shutting down
2024/01/12 15:32:49 [notice] 29#29: exiting
2024/01/12 15:32:49 [notice] 30#30: exiting
2024/01/12 15:32:49 [notice] 32#32: gracefully shutting down
2024/01/12 15:32:49 [notice] 31#31: exiting
2024/01/12 15:32:49 [notice] 33#33: gracefully shutting down
2024/01/12 15:32:49 [notice] 32#32: exiting
2024/01/12 15:32:49 [notice] 34#34: gracefully shutting down
2024/01/12 15:32:49 [notice] 33#33: exiting
2024/01/12 15:32:49 [notice] 29#29: exit
2024/01/12 15:32:49 [notice] 35#35: gracefully shutting down
2024/01/12 15:32:49 [notice] 30#30: exit
2024/01/12 15:32:49 [notice] 34#34: exiting
2024/01/12 15:32:49 [notice] 28#28: exit
2024/01/12 15:32:49 [notice] 31#31: exit
2024/01/12 15:32:49 [notice] 37#37: gracefully shutting down
2024/01/12 15:32:49 [notice] 35#35: exiting
2024/01/12 15:32:49 [notice] 38#38: gracefully shutting down
2024/01/12 15:32:49 [notice] 32#32: exit
2024/01/12 15:32:49 [notice] 37#37: exiting
2024/01/12 15:32:49 [notice] 33#33: exit
2024/01/12 15:32:49 [notice] 38#38: exiting
2024/01/12 15:32:49 [notice] 34#34: exit
2024/01/12 15:32:49 [notice] 35#35: exit
2024/01/12 15:32:49 [notice] 37#37: exit
2024/01/12 15:32:49 [notice] 38#38: exit
2024/01/12 15:32:49 [notice] 39#39: gracefully shutting down
2024/01/12 15:32:49 [notice] 36#36: gracefully shutting down
2024/01/12 15:32:49 [notice] 39#39: exiting
2024/01/12 15:32:49 [notice] 36#36: exiting
2024/01/12 15:32:49 [notice] 39#39: exit
2024/01/12 15:32:49 [notice] 36#36: exit
2024/01/12 15:32:49 [notice] 1#1: signal 17 (SIGCHLD) received from 33
2024/01/12 15:32:49 [notice] 1#1: worker process 33 exited with code 0
2024/01/12 15:32:49 [notice] 1#1: worker process 34 exited with code 0
2024/01/12 15:32:49 [notice] 1#1: worker process 29 exited with code 0
2024/01/12 15:32:49 [notice] 1#1: worker process 32 exited with code 0
2024/01/12 15:32:49 [notice] 1#1: worker process 37 exited with code 0
2024/01/12 15:32:49 [notice] 1#1: worker process 38 exited with code 0
2024/01/12 15:32:49 [notice] 1#1: worker process 39 exited with code 0
2024/01/12 15:32:49 [notice] 1#1: signal 29 (SIGIO) received
2024/01/12 15:32:49 [notice] 1#1: signal 17 (SIGCHLD) received from 34
2024/01/12 15:32:49 [notice] 1#1: signal 17 (SIGCHLD) received from 31
2024/01/12 15:32:49 [notice] 1#1: worker process 31 exited with code 0
2024/01/12 15:32:49 [notice] 1#1: signal 29 (SIGIO) received
2024/01/12 15:32:49 [notice] 1#1: signal 17 (SIGCHLD) received from 28
2024/01/12 15:32:49 [notice] 1#1: worker process 28 exited with code 0
2024/01/12 15:32:49 [notice] 1#1: signal 29 (SIGIO) received
2024/01/12 15:32:49 [notice] 1#1: signal 17 (SIGCHLD) received from 35
2024/01/12 15:32:49 [notice] 1#1: worker process 35 exited with code 0
2024/01/12 15:32:49 [notice] 1#1: signal 29 (SIGIO) received
2024/01/12 15:32:49 [notice] 1#1: signal 17 (SIGCHLD) received from 30
2024/01/12 15:32:49 [notice] 1#1: worker process 30 exited with code 0
2024/01/12 15:32:49 [notice] 1#1: worker process 36 exited with code 0
2024/01/12 15:32:49 [notice] 1#1: exit
2024/01/12 15:33:55 [notice] 1#1: using the "epoll" event method
2024/01/12 15:33:55 [notice] 1#1: nginx/1.25.3
2024/01/12 15:33:55 [notice] 1#1: built by gcc 12.2.0 (Debian 12.2.0-14) 
2024/01/12 15:33:55 [notice] 1#1: OS: Linux 5.15.133.1-microsoft-standard-WSL2
2024/01/12 15:33:55 [notice] 1#1: getrlimit(RLIMIT_NOFILE): 1048576:1048576
2024/01/12 15:33:55 [notice] 1#1: start worker processes
2024/01/12 15:33:55 [notice] 1#1: start worker process 28
2024/01/12 15:33:55 [notice] 1#1: start worker process 29
2024/01/12 15:33:55 [notice] 1#1: start worker process 30
2024/01/12 15:33:55 [notice] 1#1: start worker process 31
2024/01/12 15:33:55 [notice] 1#1: start worker process 32
2024/01/12 15:33:55 [notice] 1#1: start worker process 33
2024/01/12 15:33:55 [notice] 1#1: start worker process 34
2024/01/12 15:33:55 [notice] 1#1: start worker process 35
2024/01/12 15:33:55 [notice] 1#1: start worker process 36
2024/01/12 15:33:55 [notice] 1#1: start worker process 37
2024/01/12 15:33:55 [notice] 1#1: start worker process 38
2024/01/12 15:33:55 [notice] 1#1: start worker process 39
2024/01/12 15:37:57 [notice] 1#1: signal 3 (SIGQUIT) received, shutting down
2024/01/12 15:37:57 [notice] 28#28: gracefully shutting down
2024/01/12 15:37:57 [notice] 29#29: gracefully shutting down
2024/01/12 15:37:57 [notice] 28#28: exiting
2024/01/12 15:37:57 [notice] 29#29: exiting
2024/01/12 15:37:57 [notice] 31#31: gracefully shutting down
2024/01/12 15:37:57 [notice] 30#30: gracefully shutting down
2024/01/12 15:37:57 [notice] 31#31: exiting
2024/01/12 15:37:57 [notice] 33#33: gracefully shutting down
2024/01/12 15:37:57 [notice] 30#30: exiting
2024/01/12 15:37:57 [notice] 28#28: exit
2024/01/12 15:37:57 [notice] 29#29: exit
2024/01/12 15:37:57 [notice] 33#33: exiting
2024/01/12 15:37:57 [notice] 34#34: gracefully shutting down
2024/01/12 15:37:57 [notice] 36#36: gracefully shutting down
2024/01/12 15:37:57 [notice] 31#31: exit
2024/01/12 15:37:57 [notice] 34#34: exiting
2024/01/12 15:37:57 [notice] 30#30: exit
2024/01/12 15:37:57 [notice] 36#36: exiting
2024/01/12 15:37:57 [notice] 33#33: exit
2024/01/12 15:37:57 [notice] 39#39: gracefully shutting down
2024/01/12 15:37:57 [notice] 35#35: gracefully shutting down
2024/01/12 15:37:57 [notice] 37#37: gracefully shutting down
2024/01/12 15:37:57 [notice] 39#39: exiting
2024/01/12 15:37:57 [notice] 35#35: exiting
2024/01/12 15:37:57 [notice] 34#34: exit
2024/01/12 15:37:57 [notice] 36#36: exit
2024/01/12 15:37:57 [notice] 37#37: exiting
2024/01/12 15:37:57 [notice] 39#39: exit
2024/01/12 15:37:57 [notice] 37#37: exit
2024/01/12 15:37:57 [notice] 35#35: exit
2024/01/12 15:37:57 [notice] 32#32: gracefully shutting down
2024/01/12 15:37:57 [notice] 32#32: exiting
2024/01/12 15:37:57 [notice] 32#32: exit
2024/01/12 15:37:57 [notice] 38#38: gracefully shutting down
2024/01/12 15:37:57 [notice] 38#38: exiting
2024/01/12 15:37:57 [notice] 38#38: exit
2024/01/12 15:37:57 [notice] 1#1: signal 17 (SIGCHLD) received from 34
2024/01/12 15:37:57 [notice] 1#1: worker process 28 exited with code 0
2024/01/12 15:37:57 [notice] 1#1: worker process 31 exited with code 0
2024/01/12 15:37:57 [notice] 1#1: worker process 34 exited with code 0
2024/01/12 15:37:57 [notice] 1#1: worker process 36 exited with code 0
2024/01/12 15:37:57 [notice] 1#1: signal 29 (SIGIO) received
2024/01/12 15:37:57 [notice] 1#1: signal 17 (SIGCHLD) received from 28
2024/01/12 15:37:57 [notice] 1#1: signal 17 (SIGCHLD) received from 30
2024/01/12 15:37:57 [notice] 1#1: worker process 30 exited with code 0
2024/01/12 15:37:57 [notice] 1#1: signal 29 (SIGIO) received
2024/01/12 15:37:57 [notice] 1#1: signal 17 (SIGCHLD) received from 29
2024/01/12 15:37:57 [notice] 1#1: worker process 29 exited with code 0
2024/01/12 15:37:57 [notice] 1#1: worker process 32 exited with code 0
2024/01/12 15:37:57 [notice] 1#1: worker process 33 exited with code 0
2024/01/12 15:37:57 [notice] 1#1: worker process 37 exited with code 0
2024/01/12 15:37:57 [notice] 1#1: worker process 38 exited with code 0
2024/01/12 15:37:57 [notice] 1#1: worker process 39 exited with code 0
2024/01/12 15:37:57 [notice] 1#1: signal 29 (SIGIO) received
2024/01/12 15:37:57 [notice] 1#1: signal 17 (SIGCHLD) received from 38
2024/01/12 15:37:57 [notice] 1#1: signal 17 (SIGCHLD) received from 35
2024/01/12 15:37:57 [notice] 1#1: worker process 35 exited with code 0
2024/01/12 15:37:57 [notice] 1#1: exit
2024/01/12 15:38:47 [notice] 1#1: using the "epoll" event method
2024/01/12 15:38:47 [notice] 1#1: nginx/1.25.3
2024/01/12 15:38:47 [notice] 1#1: built by gcc 12.2.0 (Debian 12.2.0-14) 
2024/01/12 15:38:47 [notice] 1#1: OS: Linux 5.15.133.1-microsoft-standard-WSL2
2024/01/12 15:38:47 [notice] 1#1: getrlimit(RLIMIT_NOFILE): 1048576:1048576
2024/01/12 15:38:47 [notice] 1#1: start worker processes
2024/01/12 15:38:47 [notice] 1#1: start worker process 28
2024/01/12 15:38:47 [notice] 1#1: start worker process 29
2024/01/12 15:38:47 [notice] 1#1: start worker process 30
2024/01/12 15:38:47 [notice] 1#1: start worker process 31
2024/01/12 15:38:47 [notice] 1#1: start worker process 32
2024/01/12 15:38:47 [notice] 1#1: start worker process 33
2024/01/12 15:38:47 [notice] 1#1: start worker process 34
2024/01/12 15:38:47 [notice] 1#1: start worker process 35
2024/01/12 15:38:47 [notice] 1#1: start worker process 36
2024/01/12 15:38:47 [notice] 1#1: start worker process 37
2024/01/12 15:38:47 [notice] 1#1: start worker process 38
2024/01/12 15:38:47 [notice] 1#1: start worker process 39
2024/01/12 15:55:08 [notice] 1#1: signal 3 (SIGQUIT) received, shutting down
2024/01/12 15:55:08 [notice] 29#29: gracefully shutting down
2024/01/12 15:55:08 [notice] 28#28: gracefully shutting down
2024/01/12 15:55:08 [notice] 30#30: gracefully shutting down
2024/01/12 15:55:08 [notice] 29#29: exiting
2024/01/12 15:55:08 [notice] 28#28: exiting
2024/01/12 15:55:08 [notice] 30#30: exiting
2024/01/12 15:55:08 [notice] 31#31: gracefully shutting down
2024/01/12 15:55:08 [notice] 32#32: gracefully shutting down
2024/01/12 15:55:08 [notice] 33#33: gracefully shutting down
2024/01/12 15:55:08 [notice] 31#31: exiting
2024/01/12 15:55:08 [notice] 32#32: exiting
2024/01/12 15:55:08 [notice] 35#35: gracefully shutting down
2024/01/12 15:55:08 [notice] 28#28: exit
2024/01/12 15:55:08 [notice] 33#33: exiting
2024/01/12 15:55:08 [notice] 36#36: gracefully shutting down
2024/01/12 15:55:08 [notice] 29#29: exit
2024/01/12 15:55:08 [notice] 30#30: exit
2024/01/12 15:55:08 [notice] 35#35: exiting
2024/01/12 15:55:08 [notice] 36#36: exiting
2024/01/12 15:55:08 [notice] 32#32: exit
2024/01/12 15:55:08 [notice] 31#31: exit
2024/01/12 15:55:08 [notice] 33#33: exit
2024/01/12 15:55:08 [notice] 38#38: gracefully shutting down
2024/01/12 15:55:08 [notice] 35#35: exit
2024/01/12 15:55:08 [notice] 36#36: exit
2024/01/12 15:55:08 [notice] 38#38: exiting
2024/01/12 15:55:08 [notice] 38#38: exit
2024/01/12 15:55:08 [notice] 37#37: gracefully shutting down
2024/01/12 15:55:08 [notice] 37#37: exiting
2024/01/12 15:55:08 [notice] 37#37: exit
2024/01/12 15:55:08 [notice] 34#34: gracefully shutting down
2024/01/12 15:55:08 [notice] 39#39: gracefully shutting down
2024/01/12 15:55:08 [notice] 34#34: exiting
2024/01/12 15:55:08 [notice] 39#39: exiting
2024/01/12 15:55:08 [notice] 34#34: exit
2024/01/12 15:55:08 [notice] 39#39: exit
2024/01/12 15:55:08 [notice] 1#1: signal 17 (SIGCHLD) received from 31
2024/01/12 15:55:08 [notice] 1#1: worker process 31 exited with code 0
2024/01/12 15:55:08 [notice] 1#1: signal 29 (SIGIO) received
2024/01/12 15:55:08 [notice] 1#1: signal 17 (SIGCHLD) received from 37
2024/01/12 15:55:08 [notice] 1#1: worker process 32 exited with code 0
2024/01/12 15:55:08 [notice] 1#1: worker process 35 exited with code 0
2024/01/12 15:55:08 [notice] 1#1: worker process 36 exited with code 0
2024/01/12 15:55:08 [notice] 1#1: worker process 37 exited with code 0
2024/01/12 15:55:08 [notice] 1#1: worker process 38 exited with code 0
2024/01/12 15:55:08 [notice] 1#1: signal 29 (SIGIO) received
2024/01/12 15:55:08 [notice] 1#1: signal 17 (SIGCHLD) received from 35
2024/01/12 15:55:08 [notice] 1#1: signal 17 (SIGCHLD) received from 29
2024/01/12 15:55:08 [notice] 1#1: worker process 29 exited with code 0
2024/01/12 15:55:08 [notice] 1#1: worker process 34 exited with code 0
2024/01/12 15:55:08 [notice] 1#1: signal 29 (SIGIO) received
2024/01/12 15:55:08 [notice] 1#1: signal 17 (SIGCHLD) received from 34
2024/01/12 15:55:08 [notice] 1#1: signal 17 (SIGCHLD) received from 28
2024/01/12 15:55:08 [notice] 1#1: worker process 28 exited with code 0
2024/01/12 15:55:08 [notice] 1#1: worker process 30 exited with code 0
2024/01/12 15:55:08 [notice] 1#1: worker process 39 exited with code 0
2024/01/12 15:55:08 [notice] 1#1: signal 29 (SIGIO) received
2024/01/12 15:55:08 [notice] 1#1: signal 17 (SIGCHLD) received from 30
2024/01/12 15:55:08 [notice] 1#1: signal 17 (SIGCHLD) received from 33
2024/01/12 15:55:08 [notice] 1#1: worker process 33 exited with code 0
2024/01/12 15:55:08 [notice] 1#1: exit
2024/01/12 15:56:48 [notice] 1#1: using the "epoll" event method
2024/01/12 15:56:48 [notice] 1#1: nginx/1.25.3
2024/01/12 15:56:48 [notice] 1#1: built by gcc 12.2.0 (Debian 12.2.0-14) 
2024/01/12 15:56:48 [notice] 1#1: OS: Linux 5.15.133.1-microsoft-standard-WSL2
2024/01/12 15:56:48 [notice] 1#1: getrlimit(RLIMIT_NOFILE): 1048576:1048576
2024/01/12 15:56:48 [notice] 1#1: start worker processes
2024/01/12 15:56:48 [notice] 1#1: start worker process 28
2024/01/12 15:56:48 [notice] 1#1: start worker process 29
2024/01/12 15:56:48 [notice] 1#1: start worker process 30
2024/01/12 15:56:48 [notice] 1#1: start worker process 31
2024/01/12 15:56:48 [notice] 1#1: start worker process 32
2024/01/12 15:56:48 [notice] 1#1: start worker process 33
2024/01/12 15:56:48 [notice] 1#1: start worker process 34
2024/01/12 15:56:48 [notice] 1#1: start worker process 35
2024/01/12 15:56:48 [notice] 1#1: start worker process 36
2024/01/12 15:56:48 [notice] 1#1: start worker process 37
2024/01/12 15:56:48 [notice] 1#1: start worker process 38
2024/01/12 15:56:48 [notice] 1#1: start worker process 39
2024/01/12 16:03:06 [notice] 1#1: signal 3 (SIGQUIT) received, shutting down
2024/01/12 16:03:06 [notice] 28#28: gracefully shutting down
2024/01/12 16:03:06 [notice] 29#29: gracefully shutting down
2024/01/12 16:03:06 [notice] 30#30: gracefully shutting down
2024/01/12 16:03:06 [notice] 31#31: gracefully shutting down
2024/01/12 16:03:06 [notice] 28#28: exiting
2024/01/12 16:03:06 [notice] 32#32: gracefully shutting down
2024/01/12 16:03:06 [notice] 33#33: gracefully shutting down
2024/01/12 16:03:06 [notice] 29#29: exiting
2024/01/12 16:03:06 [notice] 34#34: gracefully shutting down
2024/01/12 16:03:06 [notice] 31#31: exiting
2024/01/12 16:03:06 [notice] 30#30: exiting
2024/01/12 16:03:06 [notice] 32#32: exiting
2024/01/12 16:03:06 [notice] 38#38: gracefully shutting down
2024/01/12 16:03:06 [notice] 33#33: exiting
2024/01/12 16:03:06 [notice] 34#34: exiting
2024/01/12 16:03:06 [notice] 38#38: exiting
2024/01/12 16:03:06 [notice] 28#28: exit
2024/01/12 16:03:06 [notice] 29#29: exit
2024/01/12 16:03:06 [notice] 35#35: gracefully shutting down
2024/01/12 16:03:06 [notice] 31#31: exit
2024/01/12 16:03:06 [notice] 30#30: exit
2024/01/12 16:03:06 [notice] 32#32: exit
2024/01/12 16:03:06 [notice] 33#33: exit
2024/01/12 16:03:06 [notice] 39#39: gracefully shutting down
2024/01/12 16:03:06 [notice] 34#34: exit
2024/01/12 16:03:06 [notice] 35#35: exiting
2024/01/12 16:03:06 [notice] 38#38: exit
2024/01/12 16:03:06 [notice] 39#39: exiting
2024/01/12 16:03:06 [notice] 35#35: exit
2024/01/12 16:03:06 [notice] 39#39: exit
2024/01/12 16:03:06 [notice] 37#37: gracefully shutting down
2024/01/12 16:03:06 [notice] 37#37: exiting
2024/01/12 16:03:06 [notice] 37#37: exit
2024/01/12 16:03:06 [notice] 36#36: gracefully shutting down
2024/01/12 16:03:06 [notice] 36#36: exiting
2024/01/12 16:03:06 [notice] 36#36: exit
2024/01/12 16:03:06 [notice] 1#1: signal 17 (SIGCHLD) received from 32
2024/01/12 16:03:06 [notice] 1#1: worker process 32 exited with code 0
2024/01/12 16:03:06 [notice] 1#1: signal 29 (SIGIO) received
2024/01/12 16:03:06 [notice] 1#1: signal 17 (SIGCHLD) received from 34
2024/01/12 16:03:06 [notice] 1#1: worker process 34 exited with code 0
2024/01/12 16:03:06 [notice] 1#1: worker process 39 exited with code 0
2024/01/12 16:03:06 [notice] 1#1: worker process 35 exited with code 0
2024/01/12 16:03:06 [notice] 1#1: worker process 31 exited with code 0
2024/01/12 16:03:06 [notice] 1#1: signal 29 (SIGIO) received
2024/01/12 16:03:06 [notice] 1#1: signal 17 (SIGCHLD) received from 39
2024/01/12 16:03:06 [notice] 1#1: worker process 28 exited with code 0
2024/01/12 16:03:06 [notice] 1#1: worker process 30 exited with code 0
2024/01/12 16:03:06 [notice] 1#1: worker process 37 exited with code 0
2024/01/12 16:03:06 [notice] 1#1: worker process 38 exited with code 0
2024/01/12 16:03:06 [notice] 1#1: signal 29 (SIGIO) received
2024/01/12 16:03:06 [notice] 1#1: signal 17 (SIGCHLD) received from 29
2024/01/12 16:03:06 [notice] 1#1: worker process 29 exited with code 0
2024/01/12 16:03:06 [notice] 1#1: worker process 33 exited with code 0
2024/01/12 16:03:06 [notice] 1#1: worker process 36 exited with code 0
2024/01/12 16:03:06 [notice] 1#1: exit
2024/01/12 16:04:23 [notice] 1#1: using the "epoll" event method
2024/01/12 16:04:23 [notice] 1#1: nginx/1.25.3
2024/01/12 16:04:23 [notice] 1#1: built by gcc 12.2.0 (Debian 12.2.0-14) 
2024/01/12 16:04:23 [notice] 1#1: OS: Linux 5.15.133.1-microsoft-standard-WSL2
2024/01/12 16:04:23 [notice] 1#1: getrlimit(RLIMIT_NOFILE): 1048576:1048576
2024/01/12 16:04:23 [notice] 1#1: start worker processes
2024/01/12 16:04:23 [notice] 1#1: start worker process 28
2024/01/12 16:04:23 [notice] 1#1: start worker process 29
2024/01/12 16:04:23 [notice] 1#1: start worker process 30
2024/01/12 16:04:23 [notice] 1#1: start worker process 31
2024/01/12 16:04:23 [notice] 1#1: start worker process 32
2024/01/12 16:04:23 [notice] 1#1: start worker process 33
2024/01/12 16:04:23 [notice] 1#1: start worker process 34
2024/01/12 16:04:23 [notice] 1#1: start worker process 35
2024/01/12 16:04:23 [notice] 1#1: start worker process 36
2024/01/12 16:04:23 [notice] 1#1: start worker process 37
2024/01/12 16:04:23 [notice] 1#1: start worker process 38
2024/01/12 16:04:23 [notice] 1#1: start worker process 39
2024/01/12 16:09:07 [notice] 1#1: signal 3 (SIGQUIT) received, shutting down
2024/01/12 16:09:07 [notice] 28#28: gracefully shutting down
2024/01/12 16:09:07 [notice] 29#29: gracefully shutting down
2024/01/12 16:09:07 [notice] 28#28: exiting
2024/01/12 16:09:07 [notice] 30#30: gracefully shutting down
2024/01/12 16:09:07 [notice] 29#29: exiting
2024/01/12 16:09:07 [notice] 30#30: exiting
2024/01/12 16:09:07 [notice] 31#31: gracefully shutting down
2024/01/12 16:09:07 [notice] 32#32: gracefully shutting down
2024/01/12 16:09:07 [notice] 31#31: exiting
2024/01/12 16:09:07 [notice] 28#28: exit
2024/01/12 16:09:07 [notice] 32#32: exiting
2024/01/12 16:09:07 [notice] 36#36: gracefully shutting down
2024/01/12 16:09:07 [notice] 29#29: exit
2024/01/12 16:09:07 [notice] 30#30: exit
2024/01/12 16:09:07 [notice] 38#38: gracefully shutting down
2024/01/12 16:09:07 [notice] 36#36: exiting
2024/01/12 16:09:07 [notice] 37#37: gracefully shutting down
2024/01/12 16:09:07 [notice] 31#31: exit
2024/01/12 16:09:07 [notice] 39#39: gracefully shutting down
2024/01/12 16:09:07 [notice] 38#38: exiting
2024/01/12 16:09:07 [notice] 32#32: exit
2024/01/12 16:09:07 [notice] 37#37: exiting
2024/01/12 16:09:07 [notice] 39#39: exiting
2024/01/12 16:09:07 [notice] 36#36: exit
2024/01/12 16:09:07 [notice] 38#38: exit
2024/01/12 16:09:07 [notice] 39#39: exit
2024/01/12 16:09:07 [notice] 37#37: exit
2024/01/12 16:09:07 [notice] 35#35: gracefully shutting down
2024/01/12 16:09:07 [notice] 35#35: exiting
2024/01/12 16:09:07 [notice] 35#35: exit
2024/01/12 16:09:07 [notice] 33#33: gracefully shutting down
2024/01/12 16:09:07 [notice] 33#33: exiting
2024/01/12 16:09:07 [notice] 33#33: exit
2024/01/12 16:09:07 [notice] 34#34: gracefully shutting down
2024/01/12 16:09:07 [notice] 34#34: exiting
2024/01/12 16:09:07 [notice] 34#34: exit
2024/01/12 16:09:07 [notice] 1#1: signal 17 (SIGCHLD) received from 36
2024/01/12 16:09:07 [notice] 1#1: worker process 28 exited with code 0
2024/01/12 16:09:07 [notice] 1#1: worker process 33 exited with code 0
2024/01/12 16:09:07 [notice] 1#1: worker process 36 exited with code 0
2024/01/12 16:09:07 [notice] 1#1: signal 29 (SIGIO) received
2024/01/12 16:09:07 [notice] 1#1: signal 17 (SIGCHLD) received from 39
2024/01/12 16:09:07 [notice] 1#1: worker process 39 exited with code 0
2024/01/12 16:09:07 [notice] 1#1: signal 29 (SIGIO) received
2024/01/12 16:09:07 [notice] 1#1: signal 17 (SIGCHLD) received from 32
2024/01/12 16:09:07 [notice] 1#1: worker process 32 exited with code 0
2024/01/12 16:09:07 [notice] 1#1: signal 29 (SIGIO) received
2024/01/12 16:09:07 [notice] 1#1: signal 17 (SIGCHLD) received from 35
2024/01/12 16:09:07 [notice] 1#1: worker process 31 exited with code 0
2024/01/12 16:09:07 [notice] 1#1: worker process 35 exited with code 0
2024/01/12 16:09:07 [notice] 1#1: worker process 37 exited with code 0
2024/01/12 16:09:07 [notice] 1#1: worker process 38 exited with code 0
2024/01/12 16:09:07 [notice] 1#1: signal 29 (SIGIO) received
2024/01/12 16:09:07 [notice] 1#1: signal 17 (SIGCHLD) received from 37
2024/01/12 16:09:07 [notice] 1#1: signal 17 (SIGCHLD) received from 29
2024/01/12 16:09:07 [notice] 1#1: worker process 29 exited with code 0
2024/01/12 16:09:07 [notice] 1#1: worker process 34 exited with code 0
2024/01/12 16:09:07 [notice] 1#1: signal 29 (SIGIO) received
2024/01/12 16:09:07 [notice] 1#1: signal 17 (SIGCHLD) received from 30
2024/01/12 16:09:07 [notice] 1#1: worker process 30 exited with code 0
2024/01/12 16:09:07 [notice] 1#1: exit
2024/01/12 16:10:19 [notice] 1#1: using the "epoll" event method
2024/01/12 16:10:19 [notice] 1#1: nginx/1.25.3
2024/01/12 16:10:19 [notice] 1#1: built by gcc 12.2.0 (Debian 12.2.0-14) 
2024/01/12 16:10:19 [notice] 1#1: OS: Linux 5.15.133.1-microsoft-standard-WSL2
2024/01/12 16:10:19 [notice] 1#1: getrlimit(RLIMIT_NOFILE): 1048576:1048576
2024/01/12 16:10:19 [notice] 1#1: start worker processes
2024/01/12 16:10:19 [notice] 1#1: start worker process 28
2024/01/12 16:10:19 [notice] 1#1: start worker process 29
2024/01/12 16:10:19 [notice] 1#1: start worker process 30
2024/01/12 16:10:19 [notice] 1#1: start worker process 31
2024/01/12 16:10:19 [notice] 1#1: start worker process 32
2024/01/12 16:10:19 [notice] 1#1: start worker process 33
2024/01/12 16:10:19 [notice] 1#1: start worker process 34
2024/01/12 16:10:19 [notice] 1#1: start worker process 35
2024/01/12 16:10:19 [notice] 1#1: start worker process 36
2024/01/12 16:10:19 [notice] 1#1: start worker process 37
2024/01/12 16:10:19 [notice] 1#1: start worker process 38
2024/01/12 16:10:19 [notice] 1#1: start worker process 39
